[0mGET / [33m404 [0m13.157 ms - 1316[0m
[0mGET /favicon.ico [33m404 [0m0.770 ms - 1316[0m
[0mGET / [32m200 [0m10.028 ms - 9616[0m
[0mGET /static/lib/bootstrap/dist/css/bootstrap.css [32m200 [0m9.619 ms - 173597[0m
[0mGET /static/css/mobile.css [36m304 [0m3.189 ms - -[0m
[0mGET /static/css/desktop.css [36m304 [0m4.565 ms - -[0m
[0mGET /static/css/define.css [32m200 [0m6.969 ms - 1927[0m
[0mGET /static/js/index.js?7b400633ac9c553d3f03 [32m200 [0m1.483 ms - 2481[0m
[0mGET /tech [32m200 [0m3.331 ms - 11406[0m
[0mGET /static/js/tech.js?7b400633ac9c553d3f03 [32m200 [0m1.406 ms - 2490[0m
[0mGET /static/css/tech.css [36m304 [0m1.412 ms - -[0m
[0mGET /static/css/define.css [36m304 [0m1.722 ms - -[0m
[0mGET /static/css/desktop.css [36m304 [0m1.779 ms - -[0m
[0mGET /static/css/mobile.css [36m304 [0m2.307 ms - -[0m
[0mGET /static/lib/bootstrap/dist/css/bootstrap.css [36m304 [0m4.186 ms - -[0m
[0mGET /static/lib/node_modules/jquery/dist/jquery.js [33m404 [0m5.782 ms - 367[0m
[0mGET /static/lib/node_modules/bootstrap/dist/js/bootstrap.js [33m404 [0m7.687 ms - 367[0m
[0mGET /static/lib/bootstrap/dist/css/bootstrap.css.map [32m200 [0m1.398 ms - 430003[0m
[0mGET / [32m200 [0m2.043 ms - 9616[0m
[0mGET /static/lib/bootstrap/dist/css/bootstrap.css [36m304 [0m1.165 ms - -[0m
[0mGET /static/css/define.css [36m304 [0m1.060 ms - -[0m
[0mGET /static/css/desktop.css [36m304 [0m1.040 ms - -[0m
[0mGET /static/css/mobile.css [36m304 [0m9.420 ms - -[0m
[0mGET /static/js/index.js?ed16908a260c14202ddd [32m200 [0m10.578 ms - 2481[0m
[0mGET /static/lib/bootstrap/dist/css/bootstrap.css.map [36m304 [0m0.474 ms - -[0m
[0mGET /tech [32m200 [0m1.748 ms - 11380[0m
[0mGET /static/lib/bootstrap/dist/css/bootstrap.css [36m304 [0m0.617 ms - -[0m
[0mGET /static/css/tech.css [36m304 [0m0.891 ms - -[0m
[0mGET /static/css/define.css [36m304 [0m1.241 ms - -[0m
[0mGET /static/css/mobile.css [36m304 [0m1.199 ms - -[0m
[0mGET /static/css/desktop.css [36m304 [0m1.607 ms - -[0m
[0mGET /static/js/tech.js?ed16908a260c14202ddd [32m200 [0m2.940 ms - 2490[0m
[0mGET /static/lib/bootstrap/dist/js/bootstrap.js [32m200 [0m3.521 ms - 123765[0m
[0mGET /static/lib/jquery/dist/jquery.js [32m200 [0m2.369 ms - 271751[0m
[0mGET /static/lib/bootstrap/dist/css/bootstrap.css.map [36m304 [0m0.539 ms - -[0m
[0mGET /static/lib/bootstrap/dist/js/bootstrap.js.map [32m200 [0m2.039 ms - 211967[0m
[0mGET /static/css/tech.css [32m200 [0m0.812 ms - 428[0m
[0mGET /tech [32m200 [0m7.871 ms - 11380[0m
[0mGET /static/css/define.css [36m304 [0m0.671 ms - -[0m
[0mGET /static/js/tech.js?ed16908a260c14202ddd [36m304 [0m0.536 ms - -[0m
[0mGET /static/css/desktop.css [36m304 [0m1.503 ms - -[0m
[0mGET /static/css/mobile.css [36m304 [0m1.487 ms - -[0m
[0mGET /static/css/tech.css [36m304 [0m1.454 ms - -[0m
[0mGET /static/lib/jquery/dist/jquery.js [36m304 [0m4.792 ms - -[0m
[0mGET /static/lib/bootstrap/dist/css/bootstrap.css [36m304 [0m2.825 ms - -[0m
[0mGET /static/lib/bootstrap/dist/js/bootstrap.js [36m304 [0m2.863 ms - -[0m
[0mGET /static/lib/bootstrap/dist/css/bootstrap.css.map [36m304 [0m0.699 ms - -[0m
[0mGET /static/lib/bootstrap/dist/js/bootstrap.js.map [36m304 [0m0.795 ms - -[0m
[0mGET /tech [32m200 [0m0.825 ms - 11380[0m
[0mGET /static/css/tech.css [36m304 [0m0.237 ms - -[0m
[0mGET /static/css/tech.css [36m304 [0m0.734 ms - -[0m
[0mGET /static/css/define.css [36m304 [0m0.537 ms - -[0m
[0mGET /static/css/desktop.css [36m304 [0m1.246 ms - -[0m
[0mGET /static/css/mobile.css [36m304 [0m1.236 ms - -[0m
[0mGET /static/lib/bootstrap/dist/css/bootstrap.css [36m304 [0m3.084 ms - -[0m
[0mGET /static/js/tech.js?ed16908a260c14202ddd [36m304 [0m1.739 ms - -[0m
[0mGET /static/lib/bootstrap/dist/js/bootstrap.js [36m304 [0m1.982 ms - -[0m
[0mGET /static/lib/jquery/dist/jquery.js [36m304 [0m1.794 ms - -[0m
[0mGET /static/lib/bootstrap/dist/js/bootstrap.js.map [36m304 [0m0.546 ms - -[0m
[0mGET /static/lib/bootstrap/dist/css/bootstrap.css.map [36m304 [0m0.648 ms - -[0m
[0mGET /tech [32m200 [0m0.689 ms - 11380[0m
[0mGET /static/css/tech.css [36m304 [0m0.227 ms - -[0m
[0mGET /static/css/define.css [36m304 [0m1.698 ms - -[0m
[0mGET /static/css/desktop.css [36m304 [0m1.081 ms - -[0m
[0mGET /static/css/mobile.css [36m304 [0m3.040 ms - -[0m
[0mGET /static/lib/bootstrap/dist/css/bootstrap.css [36m304 [0m5.543 ms - -[0m
[0mGET /static/css/tech.css [36m304 [0m3.475 ms - -[0m
[0mGET /static/js/tech.js?ed16908a260c14202ddd [36m304 [0m3.281 ms - -[0m
[0mGET /static/lib/jquery/dist/jquery.js [36m304 [0m2.928 ms - -[0m
[0mGET /static/lib/bootstrap/dist/js/bootstrap.js [36m304 [0m1.178 ms - -[0m
[0mGET /static/lib/bootstrap/dist/css/bootstrap.css.map [36m304 [0m0.638 ms - -[0m
[0mGET /static/lib/bootstrap/dist/js/bootstrap.js.map [36m304 [0m0.614 ms - -[0m
[0mGET /tech [32m200 [0m6.536 ms - 11380[0m
[0mGET /static/css/define.css [36m304 [0m1.579 ms - -[0m
[0mGET /static/css/desktop.css [36m304 [0m2.044 ms - -[0m
[0mGET /static/css/mobile.css [36m304 [0m2.593 ms - -[0m
[0mGET /static/css/tech.css [36m304 [0m2.729 ms - -[0m
[0mGET /static/js/tech.js?ed16908a260c14202ddd [36m304 [0m2.753 ms - -[0m
[0mGET /static/lib/bootstrap/dist/js/bootstrap.js [36m304 [0m4.146 ms - -[0m
[0mGET /static/lib/bootstrap/dist/css/bootstrap.css [36m304 [0m1.330 ms - -[0m
[0mGET /static/lib/jquery/dist/jquery.js [36m304 [0m0.932 ms - -[0m
[0mGET /static/lib/bootstrap/dist/js/bootstrap.js.map [36m304 [0m0.335 ms - -[0m
[0mGET /static/lib/bootstrap/dist/css/bootstrap.css.map [36m304 [0m0.494 ms - -[0m
[0mGET /tech [32m200 [0m3.188 ms - 11382[0m
[0mGET /static/js/tech.js?b2a71ebc0cd67a53397e [32m200 [0m2.331 ms - 2490[0m
[0mGET /static/lib/jquery/dist/jquery.js [36m304 [0m1.337 ms - -[0m
[0mGET /static/css/define.css [36m304 [0m1.835 ms - -[0m
[0mGET /static/css/desktop.css [36m304 [0m1.600 ms - -[0m
[0mGET /static/css/mobile.css [36m304 [0m1.881 ms - -[0m
[0mGET /static/css/tech.css [36m304 [0m0.690 ms - -[0m
[0mGET /static/lib/bootstrap/dist/css/bootstrap.css [36m304 [0m3.897 ms - -[0m
[0mGET /static/lib/bootstrap/dist/js/bootstrap.js [36m304 [0m2.254 ms - -[0m
[0mGET /static/lib/bootstrap/dist/js/bootstrap.js.map [36m304 [0m1.308 ms - -[0m
[0mGET /static/lib/bootstrap/dist/css/bootstrap.css.map [36m304 [0m1.687 ms - -[0m
[0mGET / [32m200 [0m1.427 ms - 9616[0m
[0mGET /static/css/define.css [36m304 [0m4.603 ms - -[0m
[0mGET /static/lib/bootstrap/dist/css/bootstrap.css [36m304 [0m2.585 ms - -[0m
[0mGET /static/css/desktop.css [36m304 [0m1.153 ms - -[0m
[0mGET /static/css/mobile.css [36m304 [0m1.197 ms - -[0m
[0mGET /static/js/index.js?b2a71ebc0cd67a53397e [32m200 [0m3.889 ms - 2481[0m
[0mGET /static/lib/bootstrap/dist/css/bootstrap.css.map [36m304 [0m0.348 ms - -[0m
[0mGET /tech [36m304 [0m1.630 ms - -[0m
[0mGET /static/lib/bootstrap/dist/css/bootstrap.css [36m304 [0m0.646 ms - -[0m
[0mGET /static/css/define.css [36m304 [0m0.737 ms - -[0m
[0mGET /static/js/tech.js?b2a71ebc0cd67a53397e [36m304 [0m0.387 ms - -[0m
[0mGET /static/css/desktop.css [36m304 [0m0.337 ms - -[0m
[0mGET /static/css/tech.css [36m304 [0m1.687 ms - -[0m
[0mGET /static/css/mobile.css [36m304 [0m2.004 ms - -[0m
[0mGET /static/lib/jquery/dist/jquery.js [36m304 [0m3.316 ms - -[0m
[0mGET /static/lib/bootstrap/dist/js/bootstrap.js [36m304 [0m3.557 ms - -[0m
[0mGET /static/lib/bootstrap/dist/css/bootstrap.css.map [36m304 [0m0.629 ms - -[0m
[0mGET /static/lib/bootstrap/dist/js/bootstrap.js.map [36m304 [0m0.786 ms - -[0m
[0mGET /tech [36m304 [0m1.986 ms - -[0m
[0mGET /static/css/define.css [36m304 [0m0.367 ms - -[0m
[0mGET /static/lib/jquery/dist/jquery.js [36m304 [0m0.800 ms - -[0m
[0mGET /static/js/tech.js?b2a71ebc0cd67a53397e [36m304 [0m0.678 ms - -[0m
[0mGET /static/css/desktop.css [36m304 [0m1.166 ms - -[0m
[0mGET /static/css/mobile.css [36m304 [0m1.176 ms - -[0m
[0mGET /static/css/tech.css [36m304 [0m1.393 ms - -[0m
[0mGET /static/lib/bootstrap/dist/css/bootstrap.css [36m304 [0m4.224 ms - -[0m
[0mGET /static/lib/bootstrap/dist/js/bootstrap.js [36m304 [0m3.732 ms - -[0m
[0mGET /static/lib/bootstrap/dist/css/bootstrap.css.map [36m304 [0m0.630 ms - -[0m
[0mGET /static/lib/bootstrap/dist/js/bootstrap.js.map [36m304 [0m0.903 ms - -[0m
[0mGET /tech [36m304 [0m0.810 ms - -[0m
[0mGET /static/css/define.css [36m304 [0m1.306 ms - -[0m
[0mGET /static/css/mobile.css [36m304 [0m1.129 ms - -[0m
[0mGET /static/css/desktop.css [36m304 [0m1.442 ms - -[0m
[0mGET /static/lib/bootstrap/dist/css/bootstrap.css [36m304 [0m2.391 ms - -[0m
[0mGET /static/css/tech.css [36m304 [0m2.165 ms - -[0m
[0mGET /static/js/tech.js?b2a71ebc0cd67a53397e [36m304 [0m2.023 ms - -[0m
[0mGET /static/lib/bootstrap/dist/js/bootstrap.js [36m304 [0m2.810 ms - -[0m
[0mGET /static/lib/jquery/dist/jquery.js [36m304 [0m1.611 ms - -[0m
[0mGET /static/lib/bootstrap/dist/css/bootstrap.css.map [36m304 [0m0.575 ms - -[0m
[0mGET /static/lib/bootstrap/dist/js/bootstrap.js.map [36m304 [0m0.640 ms - -[0m
[0mGET / [32m200 [0m1.588 ms - 9616[0m
[0mGET /static/js/index.js?1c1e9f43ae876749b823 [32m200 [0m0.831 ms - 2481[0m
[0mGET /static/css/desktop.css [36m304 [0m1.184 ms - -[0m
[0mGET /static/css/define.css [36m304 [0m1.157 ms - -[0m
[0mGET /static/css/mobile.css [36m304 [0m1.223 ms - -[0m
[0mGET /static/lib/bootstrap/dist/css/bootstrap.css [36m304 [0m2.610 ms - -[0m
[0mGET / [36m304 [0m0.729 ms - -[0m
[0mGET /static/lib/bootstrap/dist/css/bootstrap.css [36m304 [0m1.091 ms - -[0m
[0mGET /static/css/define.css [36m304 [0m0.702 ms - -[0m
[0mGET /static/css/desktop.css [36m304 [0m0.660 ms - -[0m
[0mGET /static/css/mobile.css [36m304 [0m0.610 ms - -[0m
[0mGET /static/js/index.js?1c1e9f43ae876749b823 [36m304 [0m0.696 ms - -[0m
[0mGET /static/lib/bootstrap/dist/css/bootstrap.css.map [36m304 [0m1.317 ms - -[0m
[0mGET /static/lib/bootstrap/dist/css/bootstrap.css.map [36m304 [0m0.304 ms - -[0m
[0mGET /tech [32m200 [0m2.285 ms - 11416[0m
[0mGET /static/lib/bootstrap/dist/css/bootstrap.css [36m304 [0m0.724 ms - -[0m
[0mGET /static/js/tech.js?1c1e9f43ae876749b823 [32m200 [0m5.248 ms - 2490[0m
[0mGET /static/css/desktop.css [36m304 [0m2.465 ms - -[0m
[0mGET /static/css/mobile.css [36m304 [0m2.399 ms - -[0m
[0mGET /static/css/tech.css [36m304 [0m2.087 ms - -[0m
[0mGET /static/css/define.css [36m304 [0m2.092 ms - -[0m
[0mGET /static/lib/bootstrap/dist/css/bootstrap.css.map [36m304 [0m0.736 ms - -[0m
[0mGET /casual [32m200 [0m1.512 ms - 9597[0m
[0mGET /static/lib/bootstrap/dist/css/bootstrap.css [36m304 [0m0.834 ms - -[0m
[0mGET /static/css/define.css [36m304 [0m0.969 ms - -[0m
[0mGET /static/css/mobile.css [36m304 [0m1.277 ms - -[0m
[0mGET /static/css/desktop.css [36m304 [0m2.703 ms - -[0m
[0mGET /static/js/casual.js?1c1e9f43ae876749b823 [32m200 [0m3.389 ms - 2484[0m
[0mGET /static/lib/bootstrap/dist/css/bootstrap.css.map [36m304 [0m0.313 ms - -[0m
[0mGET /article/1 [32m200 [0m2.548 ms - 16120[0m
[0mGET /static/css/define.css [36m304 [0m0.414 ms - -[0m
[0mGET /static/lib/bootstrap/dist/css/bootstrap.css [36m304 [0m0.528 ms - -[0m
[0mGET /static/css/desktop.css [36m304 [0m1.224 ms - -[0m
[0mGET /static/css/mobile.css [36m304 [0m1.134 ms - -[0m
[0mGET /static/js/article.js?1c1e9f43ae876749b823 [32m200 [0m4.829 ms - 2484[0m
[0mGET /static/lib/bootstrap/dist/css/bootstrap.css.map [36m304 [0m0.387 ms - -[0m
[0mGET /tech [36m304 [0m2.201 ms - -[0m
[0mGET /static/css/tech.css [36m304 [0m2.576 ms - -[0m
[0mGET /static/lib/node_modules/jquery/dist/jquery.js [33m404 [0m5.625 ms - 367[0m
[0mGET /static/js/tech.js?7b400633ac9c553d3f03 [32m200 [0m5.404 ms - 2490[0m
[0mGET /static/lib/node_modules/bootstrap/dist/js/bootstrap.js [33m404 [0m4.779 ms - 367[0m
[0mGET /static/css/define.css [36m304 [0m1.205 ms - -[0m
[0mGET /static/css/tech.css [36m304 [0m1.526 ms - -[0m
[0mGET /static/css/desktop.css [36m304 [0m1.519 ms - -[0m
[0mGET /static/css/mobile.css [36m304 [0m1.454 ms - -[0m
[0mGET /static/lib/bootstrap/dist/css/bootstrap.css [36m304 [0m4.266 ms - -[0m
[0mGET /static/js/tech.js?1c1e9f43ae876749b823 [36m304 [0m0.259 ms - -[0m
[0mGET /static/lib/bootstrap/dist/css/bootstrap.css.map [36m304 [0m0.359 ms - -[0m
[0mGET /article/1 [36m304 [0m1.552 ms - -[0m
[0mGET /static/css/define.css [36m304 [0m4.563 ms - -[0m
[0mGET /static/css/desktop.css [36m304 [0m3.455 ms - -[0m
[0mGET /static/js/article.js?1c1e9f43ae876749b823 [36m304 [0m2.737 ms - -[0m
[0mGET /static/css/mobile.css [36m304 [0m4.447 ms - -[0m
[0mGET /static/lib/bootstrap/dist/css/bootstrap.css [36m304 [0m6.165 ms - -[0m
[0mGET /static/lib/bootstrap/dist/css/bootstrap.css.map [36m304 [0m0.337 ms - -[0m
[0mGET /tech [36m304 [0m0.973 ms - -[0m
[0mGET /static/css/define.css [36m304 [0m1.134 ms - -[0m
[0mGET /static/css/desktop.css [36m304 [0m1.028 ms - -[0m
[0mGET /static/css/mobile.css [36m304 [0m0.999 ms - -[0m
[0mGET /static/lib/bootstrap/dist/css/bootstrap.css [36m304 [0m5.306 ms - -[0m
[0mGET /static/css/tech.css [36m304 [0m2.902 ms - -[0m
[0mGET /static/js/tech.js?1c1e9f43ae876749b823 [36m304 [0m6.505 ms - -[0m
[0mGET /static/lib/bootstrap/dist/css/bootstrap.css.map [36m304 [0m0.421 ms - -[0m
[0mGET /casual [36m304 [0m3.090 ms - -[0m
[0mGET /static/css/define.css [36m304 [0m4.034 ms - -[0m
[0mGET /static/css/mobile.css [36m304 [0m1.911 ms - -[0m
[0mGET /static/css/desktop.css [36m304 [0m2.877 ms - -[0m
[0mGET /static/js/casual.js?1c1e9f43ae876749b823 [36m304 [0m3.497 ms - -[0m
[0mGET /static/lib/bootstrap/dist/css/bootstrap.css [36m304 [0m5.535 ms - -[0m
[0mGET /static/lib/bootstrap/dist/css/bootstrap.css.map [36m304 [0m0.415 ms - -[0m
[0mGET /author [32m200 [0m1.026 ms - 9597[0m
[0mGET /static/css/define.css [36m304 [0m1.854 ms - -[0m
[0mGET /static/lib/bootstrap/dist/css/bootstrap.css [36m304 [0m2.901 ms - -[0m
[0mGET /static/css/mobile.css [36m304 [0m1.402 ms - -[0m
[0mGET /static/css/desktop.css [36m304 [0m1.524 ms - -[0m
[0mGET /static/js/casual.js?1c1e9f43ae876749b823 [36m304 [0m1.476 ms - -[0m
[0mGET /static/lib/bootstrap/dist/css/bootstrap.css.map [36m304 [0m0.309 ms - -[0m
[0mGET /msgwall [32m200 [0m1.393 ms - 9664[0m
[0mGET /static/css/define.css [36m304 [0m2.185 ms - -[0m
[0mGET /static/css/desktop.css [36m304 [0m1.119 ms - -[0m
[0mGET /static/css/mobile.css [36m304 [0m1.222 ms - -[0m
[0mGET /static/lib/bootstrap/dist/css/bootstrap.css [36m304 [0m1.981 ms - -[0m
[0mGET /static/css/msg-desktop.css [32m200 [0m4.444 ms - 1406[0m
[0mGET /static/css/msg-mobile.css [36m304 [0m1.885 ms - -[0m
[0mGET /static/js/msgwall.js?1c1e9f43ae876749b823 [32m200 [0m0.914 ms - 2484[0m
[0mGET /static/lib/bootstrap/dist/css/bootstrap.css.map [36m304 [0m0.300 ms - -[0m
[0mGET /tech [36m304 [0m1.091 ms - -[0m
[0mGET /static/css/define.css [36m304 [0m0.753 ms - -[0m
[0mGET /static/css/desktop.css [36m304 [0m1.050 ms - -[0m
[0mGET /static/css/tech.css [36m304 [0m1.094 ms - -[0m
[0mGET /static/css/mobile.css [36m304 [0m1.374 ms - -[0m
[0mGET /static/js/tech.js?1c1e9f43ae876749b823 [36m304 [0m1.756 ms - -[0m
[0mGET /static/lib/bootstrap/dist/css/bootstrap.css [36m304 [0m5.519 ms - -[0m
[0mGET /static/lib/bootstrap/dist/css/bootstrap.css.map [36m304 [0m0.393 ms - -[0m
[0mGET /tech [36m304 [0m0.803 ms - -[0m
[0mGET /static/css/define.css [36m304 [0m0.669 ms - -[0m
[0mGET /static/css/desktop.css [36m304 [0m0.686 ms - -[0m
[0mGET /static/css/mobile.css [36m304 [0m1.471 ms - -[0m
[0mGET /static/lib/bootstrap/dist/css/bootstrap.css [36m304 [0m4.388 ms - -[0m
[0mGET /static/css/tech.css [36m304 [0m0.646 ms - -[0m
[0mGET /static/js/tech.js?1c1e9f43ae876749b823 [36m304 [0m0.662 ms - -[0m
[0mGET /static/lib/bootstrap/dist/css/bootstrap.css.map [36m304 [0m0.370 ms - -[0m
[0mGET /article/1 [36m304 [0m2.285 ms - -[0m
[0mGET /static/lib/bootstrap/dist/css/bootstrap.css [36m304 [0m1.416 ms - -[0m
[0mGET /static/css/define.css [36m304 [0m3.456 ms - -[0m
[0mGET /static/js/article.js?1c1e9f43ae876749b823 [36m304 [0m1.367 ms - -[0m
[0mGET /static/css/desktop.css [36m304 [0m1.272 ms - -[0m
[0mGET /static/css/mobile.css [36m304 [0m1.150 ms - -[0m
[0mGET /static/lib/bootstrap/dist/css/bootstrap.css.map [36m304 [0m0.594 ms - -[0m
[0mGET /tech [36m304 [0m1.089 ms - -[0m
[0mGET /static/lib/bootstrap/dist/css/bootstrap.css [36m304 [0m0.912 ms - -[0m
[0mGET /static/css/mobile.css [36m304 [0m1.418 ms - -[0m
[0mGET /static/css/tech.css [36m304 [0m1.407 ms - -[0m
[0mGET /static/css/define.css [36m304 [0m1.955 ms - -[0m
[0mGET /static/js/tech.js?1c1e9f43ae876749b823 [36m304 [0m2.477 ms - -[0m
[0mGET /static/css/desktop.css [36m304 [0m2.527 ms - -[0m
[0mGET /static/lib/bootstrap/dist/css/bootstrap.css.map [36m304 [0m0.350 ms - -[0m
[0mGET /tech [32m200 [0m1.845 ms - 11416[0m
[0mGET /static/js/tech.js?7b400633ac9c553d3f03 [36m304 [0m1.614 ms - -[0m
[0mGET /static/css/tech.css [36m304 [0m1.640 ms - -[0m
[0mGET /static/lib/node_modules/bootstrap/dist/js/bootstrap.js [33m404 [0m3.064 ms - 367[0m
[0mGET /static/lib/node_modules/jquery/dist/jquery.js [33m404 [0m3.675 ms - 367[0m
[0mGET /static/css/define.css [36m304 [0m0.917 ms - -[0m
[0mGET /static/css/tech.css [36m304 [0m1.625 ms - -[0m
[0mGET /static/css/mobile.css [36m304 [0m0.720 ms - -[0m
[0mGET /static/css/desktop.css [36m304 [0m0.853 ms - -[0m
[0mGET /static/lib/bootstrap/dist/css/bootstrap.css [36m304 [0m2.837 ms - -[0m
[0mGET /static/js/tech.js?1c1e9f43ae876749b823 [36m304 [0m0.302 ms - -[0m
[0mGET /static/lib/bootstrap/dist/css/bootstrap.css.map [36m304 [0m0.393 ms - -[0m
[0mGET /tech [32m200 [0m1.427 ms - 11416[0m
[0mGET /static/js/tech.js?7b400633ac9c553d3f03 [36m304 [0m1.192 ms - -[0m
[0mGET /static/css/tech.css [36m304 [0m1.243 ms - -[0m
[0mGET /static/lib/node_modules/jquery/dist/jquery.js [33m404 [0m3.360 ms - 367[0m
[0mGET /static/lib/node_modules/bootstrap/dist/js/bootstrap.js [33m404 [0m4.840 ms - 367[0m
[0mGET /static/css/desktop.css [36m304 [0m0.293 ms - -[0m
[0mGET /static/lib/bootstrap/dist/css/bootstrap.css [36m304 [0m0.997 ms - -[0m
[0mGET /static/css/define.css [36m304 [0m0.550 ms - -[0m
[0mGET /static/css/tech.css [36m304 [0m0.594 ms - -[0m
[0mGET /static/css/mobile.css [36m304 [0m0.449 ms - -[0m
[0mGET /static/js/tech.js?1c1e9f43ae876749b823 [36m304 [0m0.234 ms - -[0m
[0mGET /static/lib/bootstrap/dist/css/bootstrap.css.map [36m304 [0m0.690 ms - -[0m
[0mGET / [32m200 [0m6.094 ms - 9616[0m
[0mGET /static/js/index.js?aa509099d1581cacb1aa [32m200 [0m1.565 ms - 2481[0m
[0mGET /static/css/desktop.css [36m304 [0m1.084 ms - -[0m
[0mGET /static/css/define.css [36m304 [0m1.185 ms - -[0m
[0mGET /static/css/mobile.css [36m304 [0m1.325 ms - -[0m
[0mGET /static/lib/bootstrap/dist/css/bootstrap.css [36m304 [0m2.065 ms - -[0m
[0mGET /casual [32m200 [0m2.560 ms - 9597[0m
[0mGET /static/css/define.css [36m304 [0m1.661 ms - -[0m
[0mGET /static/css/desktop.css [36m304 [0m1.412 ms - -[0m
[0mGET /static/lib/bootstrap/dist/css/bootstrap.css [36m304 [0m2.575 ms - -[0m
[0mGET /static/css/mobile.css [36m304 [0m1.744 ms - -[0m
[0mGET /static/js/casual.js?aa509099d1581cacb1aa [32m200 [0m5.313 ms - 2484[0m
[0mGET /tech [32m200 [0m2.318 ms - 11416[0m
[0mGET /static/css/define.css [36m304 [0m0.928 ms - -[0m
[0mGET /static/lib/bootstrap/dist/css/bootstrap.css [36m304 [0m8.346 ms - -[0m
[0mGET /static/css/desktop.css [36m304 [0m4.792 ms - -[0m
[0mGET /static/css/mobile.css [36m304 [0m1.122 ms - -[0m
[0mGET /static/css/tech.css [36m304 [0m0.469 ms - -[0m
[0mGET /static/js/tech.js?aa509099d1581cacb1aa [32m200 [0m1.569 ms - 2490[0m
[0mGET / [32m200 [0m7.304 ms - 9616[0m
[0mGET /static/css/define.css [36m304 [0m5.415 ms - -[0m
[0mGET /static/css/desktop.css [36m304 [0m2.751 ms - -[0m
[0mGET /static/css/mobile.css [36m304 [0m1.627 ms - -[0m
[0mGET /static/lib/bootstrap/dist/css/bootstrap.css [36m304 [0m1.821 ms - -[0m
[0mGET /static/js/index.js?fa5c0a8a064553d5bdd5 [32m200 [0m2.964 ms - 48550[0m
[0mGET / [32m200 [0m0.818 ms - 9616[0m
[0mGET /static/css/desktop.css [36m304 [0m0.929 ms - -[0m
[0mGET /static/css/mobile.css [36m304 [0m0.989 ms - -[0m
[0mGET /static/lib/bootstrap/dist/css/bootstrap.css [36m304 [0m1.930 ms - -[0m
[0mGET /static/css/define.css [36m304 [0m0.659 ms - -[0m
[0mGET /static/js/index.js?fa5c0a8a064553d5bdd5 [36m304 [0m0.430 ms - -[0m
[0mGET /static/lib/bootstrap/dist/css/bootstrap.css.map [36m304 [0m1.223 ms - -[0m
[0mGET / [32m200 [0m2.994 ms - 9616[0m
[0mGET /static/lib/bootstrap/dist/css/bootstrap.css [36m304 [0m0.515 ms - -[0m
[0mGET /static/js/index.js?fa5c0a8a064553d5bdd5 [36m304 [0m0.668 ms - -[0m
[0mGET /static/css/desktop.css [36m304 [0m1.018 ms - -[0m
[0mGET /static/css/define.css [36m304 [0m1.254 ms - -[0m
[0mGET /static/css/mobile.css [36m304 [0m2.192 ms - -[0m
[0mGET /static/lib/bootstrap/dist/css/bootstrap.css.map [36m304 [0m0.389 ms - -[0m
[0mGET / [32m200 [0m0.658 ms - 9616[0m
[0mGET /static/css/define.css [36m304 [0m0.955 ms - -[0m
[0mGET /static/css/desktop.css [36m304 [0m0.879 ms - -[0m
[0mGET /static/css/mobile.css [36m304 [0m1.532 ms - -[0m
[0mGET /static/lib/bootstrap/dist/css/bootstrap.css [36m304 [0m2.478 ms - -[0m
[0mGET /static/js/index.js?fa5c0a8a064553d5bdd5 [36m304 [0m0.239 ms - -[0m
[0mGET /static/lib/bootstrap/dist/css/bootstrap.css.map [36m304 [0m0.425 ms - -[0m
[0mGET / [32m200 [0m0.747 ms - 9616[0m
[0mGET /static/css/define.css [36m304 [0m0.370 ms - -[0m
[0mGET /static/css/desktop.css [36m304 [0m1.211 ms - -[0m
[0mGET /static/css/mobile.css [36m304 [0m0.922 ms - -[0m
[0mGET /static/js/index.js?fa5c0a8a064553d5bdd5 [36m304 [0m0.802 ms - -[0m
[0mGET /static/lib/bootstrap/dist/css/bootstrap.css [36m304 [0m2.274 ms - -[0m
[0mGET /static/lib/bootstrap/dist/css/bootstrap.css.map [36m304 [0m0.333 ms - -[0m
[0mGET / [32m200 [0m3.299 ms - 9616[0m
[0mGET /static/css/define.css [36m304 [0m1.608 ms - -[0m
[0mGET /static/css/desktop.css [36m304 [0m1.206 ms - -[0m
[0mGET /static/css/mobile.css [36m304 [0m1.006 ms - -[0m
[0mGET /static/js/index.js?fa5c0a8a064553d5bdd5 [36m304 [0m1.312 ms - -[0m
[0mGET /static/lib/bootstrap/dist/css/bootstrap.css [36m304 [0m2.316 ms - -[0m
[0mGET /static/lib/bootstrap/dist/css/bootstrap.css.map [36m304 [0m0.389 ms - -[0m
[0mGET / [32m200 [0m0.664 ms - 9616[0m
[0mGET /static/css/define.css [36m304 [0m0.911 ms - -[0m
[0mGET /static/css/desktop.css [36m304 [0m0.719 ms - -[0m
[0mGET /static/lib/bootstrap/dist/css/bootstrap.css [36m304 [0m1.355 ms - -[0m
[0mGET /static/css/mobile.css [36m304 [0m1.195 ms - -[0m
[0mGET /static/js/index.js?fa5c0a8a064553d5bdd5 [36m304 [0m1.778 ms - -[0m
[0mGET /static/lib/bootstrap/dist/css/bootstrap.css.map [36m304 [0m0.301 ms - -[0m
[0mGET / [32m200 [0m1.495 ms - 9616[0m
[0mGET /static/lib/bootstrap/dist/css/bootstrap.css [36m304 [0m0.988 ms - -[0m
[0mGET /static/css/desktop.css [36m304 [0m1.039 ms - -[0m
[0mGET /static/css/mobile.css [36m304 [0m0.882 ms - -[0m
[0mGET /static/css/define.css [36m304 [0m1.928 ms - -[0m
[0mGET /static/js/index.js?8acc3e2a1b69af9f5c69 [32m200 [0m2.786 ms - 48576[0m
[0mGET /static/lib/bootstrap/dist/css/bootstrap.css.map [36m304 [0m0.446 ms - -[0m
[0mGET / [32m200 [0m1.492 ms - 9616[0m
[0mGET /static/lib/bootstrap/dist/css/bootstrap.css [36m304 [0m0.509 ms - -[0m
[0mGET /static/css/define.css [36m304 [0m1.213 ms - -[0m
[0mGET /static/css/mobile.css [36m304 [0m1.313 ms - -[0m
[0mGET /static/js/index.js?8acc3e2a1b69af9f5c69 [36m304 [0m1.284 ms - -[0m
[0mGET /static/css/desktop.css [36m304 [0m1.289 ms - -[0m
[0mGET /static/lib/bootstrap/dist/css/bootstrap.css.map [36m304 [0m0.436 ms - -[0m
[0mGET / [32m200 [0m1.906 ms - 9616[0m
[0mGET /static/css/define.css [36m304 [0m0.296 ms - -[0m
[0mGET /static/css/mobile.css [36m304 [0m1.422 ms - -[0m
[0mGET /static/css/desktop.css [36m304 [0m1.427 ms - -[0m
[0mGET /static/lib/bootstrap/dist/css/bootstrap.css [36m304 [0m3.507 ms - -[0m
[0mGET /static/js/index.js?d6cf0ef57e4c109f4851 [32m200 [0m4.188 ms - 48574[0m
[0mGET /static/lib/bootstrap/dist/css/bootstrap.css.map [36m304 [0m0.416 ms - -[0m
[0mGET / [32m200 [0m1.012 ms - 9616[0m
[0mGET /static/css/define.css [36m304 [0m0.273 ms - -[0m
[0mGET /static/css/desktop.css [36m304 [0m0.529 ms - -[0m
[0mGET /static/css/mobile.css [36m304 [0m0.661 ms - -[0m
[0mGET /static/lib/bootstrap/dist/css/bootstrap.css [36m304 [0m1.802 ms - -[0m
[0mGET /static/js/index.js?c32cdb3d18dc3311b302 [32m200 [0m2.672 ms - 48567[0m
[0mGET /static/lib/bootstrap/dist/css/bootstrap.css.map [36m304 [0m0.797 ms - -[0m
[0mGET / [32m200 [0m4.393 ms - 9616[0m
[0mGET /static/lib/bootstrap/dist/css/bootstrap.css [36m304 [0m1.554 ms - -[0m
[0mGET /static/css/mobile.css [36m304 [0m0.951 ms - -[0m
[0mGET /static/css/define.css [36m304 [0m3.397 ms - -[0m
[0mGET /static/css/desktop.css [36m304 [0m3.534 ms - -[0m
[0mGET /static/js/index.js?b16fff6cbb238304ffbc [32m200 [0m4.999 ms - 48577[0m
[0mGET /static/lib/bootstrap/dist/css/bootstrap.css.map [36m304 [0m0.425 ms - -[0m
[0mGET / [32m200 [0m1.640 ms - 9616[0m
[0mGET /static/css/define.css [36m304 [0m3.603 ms - -[0m
[0mGET /static/css/desktop.css [36m304 [0m0.727 ms - -[0m
[0mGET /static/css/mobile.css [36m304 [0m0.749 ms - -[0m
[0mGET /static/js/index.js?b16fff6cbb238304ffbc [36m304 [0m0.842 ms - -[0m
[0mGET /static/lib/bootstrap/dist/css/bootstrap.css [36m304 [0m2.341 ms - -[0m
[0mGET /static/lib/bootstrap/dist/css/bootstrap.css.map [36m304 [0m0.291 ms - -[0m
[0mGET / [32m200 [0m4.316 ms - 9616[0m
[0mGET /static/lib/bootstrap/dist/css/bootstrap.css [36m304 [0m0.395 ms - -[0m
[0mGET /static/css/define.css [36m304 [0m2.665 ms - -[0m
[0mGET /static/css/desktop.css [36m304 [0m2.631 ms - -[0m
[0mGET /static/css/mobile.css [36m304 [0m7.472 ms - -[0m
[0mGET /static/js/index.js?5f10e5421cf842ea647f [32m200 [0m9.100 ms - 48637[0m
[0mGET /static/lib/bootstrap/dist/css/bootstrap.css.map [36m304 [0m0.476 ms - -[0m
[0mGET / [32m200 [0m3.710 ms - 9616[0m
[0mGET /static/css/define.css [36m304 [0m0.703 ms - -[0m
[0mGET /static/css/desktop.css [36m304 [0m0.707 ms - -[0m
[0mGET /static/css/mobile.css [36m304 [0m0.590 ms - -[0m
[0mGET /static/js/index.js?5f10e5421cf842ea647f [36m304 [0m0.958 ms - -[0m
[0mGET /static/lib/bootstrap/dist/css/bootstrap.css [36m304 [0m1.802 ms - -[0m
[0mGET /static/lib/bootstrap/dist/css/bootstrap.css.map [36m304 [0m0.377 ms - -[0m
[0mGET / [32m200 [0m0.975 ms - 9616[0m
[0mGET /static/lib/bootstrap/dist/css/bootstrap.css [36m304 [0m0.420 ms - -[0m
[0mGET /static/css/define.css [36m304 [0m0.690 ms - -[0m
[0mGET /static/css/desktop.css [36m304 [0m1.436 ms - -[0m
[0mGET /static/css/mobile.css [36m304 [0m1.611 ms - -[0m
[0mGET /static/js/index.js?5f10e5421cf842ea647f [36m304 [0m8.368 ms - -[0m
[0mGET /static/lib/bootstrap/dist/css/bootstrap.css.map [36m304 [0m0.425 ms - -[0m
[0mGET / [32m200 [0m7.252 ms - 9616[0m
[0mGET /static/css/define.css [32m200 [0m2.355 ms - 1927[0m
[0mGET /static/css/desktop.css [32m200 [0m2.092 ms - 675[0m
[0mGET /static/js/index.js?5f10e5421cf842ea647f [32m200 [0m2.009 ms - 48637[0m
[0mGET /static/lib/bootstrap/dist/css/bootstrap.css [32m200 [0m3.682 ms - 173597[0m
[0mGET /static/css/mobile.css [32m200 [0m0.647 ms - 705[0m
[0mGET /favicon.ico [33m404 [0m8.263 ms - 3296[0m
[0mGET /static/css/define.css [36m304 [0m12.218 ms - -[0m
[0mGET /static/css/desktop.css [36m304 [0m12.448 ms - -[0m
[0mGET /static/css/mobile.css [36m304 [0m1.386 ms - -[0m
[0mGET /static/lib/bootstrap/dist/css/bootstrap.css [36m304 [0m13.688 ms - -[0m
[0mGET /static/lib/bootstrap/dist/css/bootstrap.css.map [32m200 [0m1.628 ms - 430003[0m
[0mGET / [32m200 [0m7.713 ms - 9616[0m
[0mGET /static/lib/bootstrap/dist/css/bootstrap.css [32m200 [0m1.984 ms - 173597[0m
[0mGET /static/css/define.css [32m200 [0m1.617 ms - 1927[0m
[0mGET /static/css/desktop.css [32m200 [0m1.745 ms - 675[0m
[0mGET /static/js/index.js?5f10e5421cf842ea647f [32m200 [0m2.754 ms - 48637[0m
[0mGET /static/css/mobile.css [32m200 [0m0.416 ms - 705[0m
[0mGET /static/lib/bootstrap/dist/css/bootstrap.css.map [32m200 [0m0.504 ms - 430003[0m
[0mGET / [32m200 [0m14.812 ms - 9616[0m
[0mGET /static/css/desktop.css [32m200 [0m7.490 ms - 675[0m
[0mGET /static/css/define.css [32m200 [0m8.935 ms - 1927[0m
[0mGET /static/js/index.js?5f10e5421cf842ea647f [32m200 [0m6.751 ms - 48637[0m
[0mGET /static/lib/bootstrap/dist/css/bootstrap.css [32m200 [0m9.815 ms - 173597[0m
[0mGET /static/css/mobile.css [32m200 [0m0.518 ms - 705[0m
[0mGET /static/lib/bootstrap/dist/css/bootstrap.css.map [32m200 [0m1.940 ms - 430003[0m
[0mGET / [32m200 [0m6.655 ms - 9616[0m
[0mGET /static/css/desktop.css [32m200 [0m1.376 ms - 675[0m
[0mGET /static/css/define.css [32m200 [0m3.490 ms - 1927[0m
[0mGET /static/js/index.js?5f10e5421cf842ea647f [32m200 [0m6.900 ms - 48637[0m
[0mGET /static/lib/bootstrap/dist/css/bootstrap.css [32m200 [0m7.940 ms - 173597[0m
[0mGET /static/css/mobile.css [32m200 [0m2.058 ms - 705[0m
[0mGET /static/lib/bootstrap/dist/css/bootstrap.css.map [32m200 [0m1.004 ms - 430003[0m
[0mGET / [32m200 [0m7.296 ms - 9616[0m
[0mGET /static/css/desktop.css [32m200 [0m3.529 ms - 675[0m
[0mGET /static/css/define.css [32m200 [0m4.112 ms - 1927[0m
[0mGET /static/js/index.js?5f10e5421cf842ea647f [32m200 [0m2.450 ms - 48637[0m
[0mGET /static/lib/bootstrap/dist/css/bootstrap.css [32m200 [0m5.587 ms - 173597[0m
[0mGET /static/css/mobile.css [32m200 [0m5.068 ms - 705[0m
[0mGET /static/lib/bootstrap/dist/css/bootstrap.css.map [32m200 [0m2.359 ms - 430003[0m
[0mGET / [32m200 [0m17.067 ms - 9611[0m
[0mGET /static/css/define.css [36m304 [0m4.069 ms - -[0m
[0mGET /static/css/desktop.css [36m304 [0m4.044 ms - -[0m
[0mGET /static/lib/bootstrap/dist/css/bootstrap.css [36m304 [0m14.972 ms - -[0m
[0mGET /static/css/mobile.css [36m304 [0m0.555 ms - -[0m
[0mGET /static/js/index.js?2461418676d90110b91b [32m200 [0m3.431 ms - 270654[0m
[0mGET /static/css/define.css [36m304 [0m0.654 ms - -[0m
[0mGET /static/css/desktop.css [36m304 [0m0.731 ms - -[0m
[0mGET /static/css/mobile.css [36m304 [0m0.726 ms - -[0m
[0mGET /static/lib/bootstrap/dist/css/bootstrap.css [36m304 [0m1.546 ms - -[0m
[0mGET /static/lib/bootstrap/dist/css/bootstrap.css.map [32m200 [0m1.756 ms - 430003[0m
[0mGET / [32m200 [0m5.112 ms - 9611[0m
[0mGET /static/css/define.css [32m200 [0m1.625 ms - 1927[0m
[0mGET /static/css/desktop.css [32m200 [0m1.828 ms - 675[0m
[0mGET /static/lib/bootstrap/dist/css/bootstrap.css [32m200 [0m4.082 ms - 173597[0m
[0mGET /static/js/index.js?2461418676d90110b91b [32m200 [0m1.928 ms - 270654[0m
[0mGET /static/css/mobile.css [32m200 [0m0.610 ms - 705[0m
[0mGET /static/lib/bootstrap/dist/css/bootstrap.css.map [32m200 [0m0.561 ms - 430003[0m
[0mGET / [32m200 [0m1.631 ms - 9611[0m
[0mGET /static/css/define.css [32m200 [0m3.306 ms - 1927[0m
[0mGET /static/css/desktop.css [32m200 [0m3.383 ms - 675[0m
[0mGET /static/lib/bootstrap/dist/css/bootstrap.css [32m200 [0m2.261 ms - 173597[0m
[0mGET /static/js/index.js?2461418676d90110b91b [32m200 [0m3.488 ms - 270654[0m
[0mGET /static/css/mobile.css [32m200 [0m0.671 ms - 705[0m
[0mGET /static/lib/bootstrap/dist/css/bootstrap.css.map [32m200 [0m0.592 ms - 430003[0m
[0mGET / [32m200 [0m1.936 ms - 9611[0m
[0mGET /static/css/define.css [32m200 [0m3.035 ms - 1927[0m
[0mGET /static/css/desktop.css [32m200 [0m3.687 ms - 675[0m
[0mGET /static/lib/bootstrap/dist/css/bootstrap.css [32m200 [0m4.537 ms - 173597[0m
[0mGET /static/js/index.js?2461418676d90110b91b [32m200 [0m3.689 ms - 270654[0m
[0mGET /static/css/mobile.css [32m200 [0m0.540 ms - 705[0m
[0mGET /static/lib/bootstrap/dist/css/bootstrap.css.map [32m200 [0m1.130 ms - 430003[0m
[0mGET / [32m200 [0m4.074 ms - 9611[0m
[0mGET /static/css/desktop.css [32m200 [0m1.391 ms - 675[0m
[0mGET /static/css/define.css [32m200 [0m1.891 ms - 1927[0m
[0mGET /static/lib/bootstrap/dist/css/bootstrap.css [32m200 [0m2.461 ms - 173597[0m
[0mGET /static/js/index.js?93d319426ba9fbcbcc86 [32m200 [0m0.760 ms - 270690[0m
[0mGET /static/css/mobile.css [32m200 [0m0.735 ms - 705[0m
[0mGET /static/lib/bootstrap/dist/css/bootstrap.css.map [32m200 [0m3.400 ms - 430003[0m
[0mGET / [32m200 [0m7.474 ms - 9611[0m
[0mGET /static/css/define.css [32m200 [0m1.283 ms - 1927[0m
[0mGET /static/css/desktop.css [32m200 [0m1.302 ms - 675[0m
[0mGET /static/lib/bootstrap/dist/css/bootstrap.css [32m200 [0m2.239 ms - 173597[0m
[0mGET /static/js/index.js?93d319426ba9fbcbcc86 [32m200 [0m1.321 ms - 270690[0m
[0mGET /static/css/mobile.css [32m200 [0m0.620 ms - 705[0m
[0mGET /static/lib/bootstrap/dist/css/bootstrap.css.map [32m200 [0m12.138 ms - 430003[0m
[0mGET / [32m200 [0m5.589 ms - 9611[0m
[0mGET /static/css/define.css [32m200 [0m1.490 ms - 1927[0m
[0mGET /static/css/desktop.css [32m200 [0m1.608 ms - 675[0m
[0mGET /static/lib/bootstrap/dist/css/bootstrap.css [32m200 [0m2.506 ms - 173597[0m
[0mGET /static/js/index.js?93d319426ba9fbcbcc86 [32m200 [0m1.584 ms - 270690[0m
[0mGET /static/css/mobile.css [32m200 [0m0.398 ms - 705[0m
[0mGET /static/lib/bootstrap/dist/css/bootstrap.css.map [32m200 [0m1.302 ms - 430003[0m
[0mGET / [32m200 [0m1.714 ms - 9611[0m
[0mGET /static/css/define.css [36m304 [0m0.602 ms - -[0m
[0mGET /static/css/mobile.css [36m304 [0m1.065 ms - -[0m
[0mGET /static/css/desktop.css [36m304 [0m1.113 ms - -[0m
[0mGET /static/lib/bootstrap/dist/css/bootstrap.css [36m304 [0m0.655 ms - -[0m
[0mGET /static/js/index.js?93d319426ba9fbcbcc86 [32m200 [0m1.831 ms - 270690[0m
[0mGET /static/lib/bootstrap/dist/css/bootstrap.css.map [36m304 [0m0.327 ms - -[0m
[0mGET / [32m200 [0m16.860 ms - 9611[0m
[0mGET /static/css/desktop.css [32m200 [0m12.110 ms - 675[0m
[0mGET /static/css/define.css [32m200 [0m15.011 ms - 1927[0m
[0mGET /static/lib/bootstrap/dist/css/bootstrap.css [32m200 [0m16.934 ms - 173597[0m
[0mGET /static/js/index.js?2d9553ce5f1e9c1d07b6 [32m200 [0m12.877 ms - 270698[0m
[0mGET /static/css/mobile.css [32m200 [0m1.108 ms - 705[0m
[0mGET /static/lib/bootstrap/dist/css/bootstrap.css.map [32m200 [0m4.499 ms - 430003[0m
[0mGET / [32m200 [0m1.313 ms - 9611[0m
[0mGET /static/css/desktop.css [32m200 [0m1.608 ms - 675[0m
[0mGET /static/css/define.css [32m200 [0m2.362 ms - 1927[0m
[0mGET /static/lib/bootstrap/dist/css/bootstrap.css [32m200 [0m2.518 ms - 173597[0m
[0mGET /static/js/index.js?2d9553ce5f1e9c1d07b6 [32m200 [0m2.149 ms - 270698[0m
[0mGET /static/css/mobile.css [32m200 [0m0.412 ms - 705[0m
[0mGET /static/lib/bootstrap/dist/css/bootstrap.css.map [32m200 [0m0.521 ms - 430003[0m
[0mGET / [32m200 [0m13.106 ms - 9611[0m
[0mGET /static/css/desktop.css [32m200 [0m2.070 ms - 675[0m
[0mGET /static/css/define.css [32m200 [0m2.918 ms - 1927[0m
[0mGET /static/lib/bootstrap/dist/css/bootstrap.css [32m200 [0m3.310 ms - 173597[0m
[0mGET /static/js/index.js?2d9553ce5f1e9c1d07b6 [32m200 [0m2.428 ms - 270698[0m
[0mGET /static/css/mobile.css [32m200 [0m2.024 ms - 705[0m
[0mGET /static/lib/bootstrap/dist/css/bootstrap.css.map [32m200 [0m1.481 ms - 430003[0m
[0mGET / [32m200 [0m1.429 ms - 9611[0m
[0mGET /static/css/define.css [32m200 [0m2.026 ms - 1927[0m
[0mGET /static/css/desktop.css [32m200 [0m2.137 ms - 675[0m
[0mGET /static/lib/bootstrap/dist/css/bootstrap.css [32m200 [0m4.058 ms - 173597[0m
[0mGET /static/js/index.js?2d9553ce5f1e9c1d07b6 [32m200 [0m2.978 ms - 270698[0m
[0mGET /static/css/mobile.css [32m200 [0m0.430 ms - 705[0m
[0mGET /static/lib/bootstrap/dist/css/bootstrap.css.map [32m200 [0m1.252 ms - 430003[0m
[0mGET / [32m200 [0m2.697 ms - 9611[0m
[0mGET /static/css/define.css [32m200 [0m1.212 ms - 1927[0m
[0mGET /static/css/desktop.css [32m200 [0m1.302 ms - 675[0m
[0mGET /static/lib/bootstrap/dist/css/bootstrap.css [32m200 [0m2.837 ms - 173597[0m
[0mGET /static/js/index.js?2d9553ce5f1e9c1d07b6 [32m200 [0m1.233 ms - 270698[0m
[0mGET /static/css/mobile.css [32m200 [0m0.773 ms - 705[0m
[0mGET /static/lib/bootstrap/dist/css/bootstrap.css.map [32m200 [0m0.558 ms - 430003[0m
[0mGET / [32m200 [0m3.928 ms - 9611[0m
[0mGET /static/css/desktop.css [32m200 [0m5.124 ms - 675[0m
[0mGET /static/css/define.css [32m200 [0m14.445 ms - 1927[0m
[0mGET /static/lib/bootstrap/dist/css/bootstrap.css [32m200 [0m15.109 ms - 173597[0m
[0mGET /static/js/index.js?470baec2b3a030815dbb [32m200 [0m4.226 ms - 270706[0m
[0mGET /static/css/mobile.css [32m200 [0m6.222 ms - 705[0m
[0mGET /static/lib/bootstrap/dist/css/bootstrap.css.map [32m200 [0m1.690 ms - 430003[0m
[0mGET / [32m200 [0m2.199 ms - 9611[0m
[0mGET /static/css/define.css [32m200 [0m1.056 ms - 1927[0m
[0mGET /static/css/desktop.css [32m200 [0m6.832 ms - 675[0m
[0mGET /static/lib/bootstrap/dist/css/bootstrap.css [32m200 [0m7.710 ms - 173597[0m
[0mGET /static/js/index.js?470baec2b3a030815dbb [32m200 [0m6.925 ms - 270706[0m
[0mGET /static/css/mobile.css [32m200 [0m0.920 ms - 705[0m
[0mGET /static/lib/bootstrap/dist/css/bootstrap.css.map [32m200 [0m0.731 ms - 430003[0m
[0mGET / [32m200 [0m0.984 ms - 9611[0m
[0mGET /static/css/define.css [32m200 [0m1.428 ms - 1927[0m
[0mGET /static/css/desktop.css [32m200 [0m1.498 ms - 675[0m
[0mGET /static/lib/bootstrap/dist/css/bootstrap.css [32m200 [0m2.605 ms - 173597[0m
[0mGET /static/js/index.js?470baec2b3a030815dbb [32m200 [0m1.606 ms - 270706[0m
[0mGET /static/css/mobile.css [32m200 [0m0.490 ms - 705[0m
[0mGET /static/lib/bootstrap/dist/css/bootstrap.css.map [32m200 [0m0.678 ms - 430003[0m
[0mGET / [32m200 [0m2.820 ms - 9611[0m
[0mGET /static/css/define.css [32m200 [0m1.818 ms - 1927[0m
[0mGET /static/css/desktop.css [32m200 [0m2.037 ms - 675[0m
[0mGET /static/lib/bootstrap/dist/css/bootstrap.css [32m200 [0m3.225 ms - 173597[0m
[0mGET /static/js/index.js?470baec2b3a030815dbb [32m200 [0m2.047 ms - 270706[0m
[0mGET /static/css/mobile.css [32m200 [0m0.469 ms - 705[0m
[0mGET /static/lib/bootstrap/dist/css/bootstrap.css.map [32m200 [0m0.579 ms - 430003[0m
[0mGET / [32m200 [0m4.479 ms - 9611[0m
[0mGET /static/css/desktop.css [32m200 [0m2.148 ms - 675[0m
[0mGET /static/css/define.css [32m200 [0m2.599 ms - 1927[0m
[0mGET /static/js/index.js?7a53fec1cc47bc313239 [32m200 [0m1.055 ms - 270702[0m
[0mGET /static/lib/bootstrap/dist/css/bootstrap.css [32m200 [0m3.073 ms - 173597[0m
[0mGET /static/css/mobile.css [32m200 [0m0.693 ms - 705[0m
[0mGET /static/lib/bootstrap/dist/css/bootstrap.css.map [32m200 [0m8.110 ms - 430003[0m
[0mGET / [32m200 [0m1.617 ms - 9611[0m
[0mGET /static/css/define.css [32m200 [0m1.172 ms - 1927[0m
[0mGET /static/css/desktop.css [32m200 [0m1.172 ms - 675[0m
[0mGET /static/lib/bootstrap/dist/css/bootstrap.css [32m200 [0m11.792 ms - 173597[0m
[0mGET /static/js/index.js?7a53fec1cc47bc313239 [32m200 [0m10.746 ms - 270702[0m
[0mGET /static/css/mobile.css [32m200 [0m0.666 ms - 705[0m
[0mGET /static/lib/bootstrap/dist/css/bootstrap.css.map [32m200 [0m0.552 ms - 430003[0m
[0mGET / [32m200 [0m1.813 ms - 9611[0m
[0mGET /static/css/desktop.css [32m200 [0m2.913 ms - 675[0m
[0mGET /static/css/define.css [32m200 [0m3.410 ms - 1927[0m
[0mGET /static/lib/bootstrap/dist/css/bootstrap.css [32m200 [0m3.903 ms - 173597[0m
[0mGET /static/js/index.js?e2a1ebd937ca46a83383 [32m200 [0m8.228 ms - 270714[0m
[0mGET /static/css/mobile.css [32m200 [0m1.390 ms - 705[0m
[0mGET /static/lib/bootstrap/dist/css/bootstrap.css.map [32m200 [0m6.805 ms - 430003[0m
[0mGET / [32m200 [0m1.227 ms - 9611[0m
[0mGET /static/css/define.css [32m200 [0m1.163 ms - 1927[0m
[0mGET /static/css/desktop.css [32m200 [0m1.204 ms - 675[0m
[0mGET /static/lib/bootstrap/dist/css/bootstrap.css [32m200 [0m2.087 ms - 173597[0m
[0mGET /static/js/index.js?e2a1ebd937ca46a83383 [32m200 [0m1.158 ms - 270714[0m
[0mGET /static/css/mobile.css [32m200 [0m0.449 ms - 705[0m
[0mGET /static/lib/bootstrap/dist/css/bootstrap.css.map [32m200 [0m0.742 ms - 430003[0m
[0mGET / [32m200 [0m0.699 ms - 9611[0m
[0mGET /static/css/define.css [32m200 [0m9.287 ms - 1927[0m
[0mGET /static/css/desktop.css [32m200 [0m13.489 ms - 675[0m
[0mGET /static/lib/bootstrap/dist/css/bootstrap.css [32m200 [0m14.262 ms - 173597[0m
[0mGET /static/js/index.js?e2a1ebd937ca46a83383 [32m200 [0m13.483 ms - 270714[0m
[0mGET /static/css/mobile.css [32m200 [0m3.018 ms - 705[0m
[0mGET /static/lib/bootstrap/dist/css/bootstrap.css.map [32m200 [0m1.020 ms - 430003[0m
[0mGET / [32m200 [0m1.404 ms - 9611[0m
[0mGET /static/lib/bootstrap/dist/css/bootstrap.css [32m200 [0m1.422 ms - 173597[0m
[0mGET /static/css/desktop.css [32m200 [0m2.337 ms - 675[0m
[0mGET /static/css/define.css [32m200 [0m2.849 ms - 1927[0m
[0mGET /static/js/index.js?e2a1ebd937ca46a83383 [32m200 [0m1.896 ms - 270714[0m
[0mGET /static/css/mobile.css [32m200 [0m0.712 ms - 705[0m
[0mGET /static/lib/bootstrap/dist/css/bootstrap.css.map [32m200 [0m0.773 ms - 430003[0m
[0mGET / [32m200 [0m1.444 ms - 9606[0m
[0mGET /static/css/desktop.css [32m200 [0m2.090 ms - 675[0m
[0mGET /static/css/define.css [32m200 [0m2.713 ms - 1927[0m
[0mGET /static/js/index.js?f838fdfc1a6127f886d6 [32m200 [0m0.997 ms - 270714[0m
[0mGET /static/lib/bootstrap/dist/css/bootstrap.css [32m200 [0m3.302 ms - 173597[0m
[0mGET /static/css/mobile.css [32m200 [0m0.912 ms - 705[0m
[0mGET /static/lib/bootstrap/dist/css/bootstrap.css.map [32m200 [0m0.894 ms - 430003[0m
[0mGET / [32m200 [0m0.989 ms - 9606[0m
[0mGET /static/css/desktop.css [32m200 [0m1.839 ms - 675[0m
[0mGET /static/css/define.css [32m200 [0m1.906 ms - 1927[0m
[0mGET /static/lib/bootstrap/dist/css/bootstrap.css [32m200 [0m2.891 ms - 173597[0m
[0mGET /static/js/index.js?f838fdfc1a6127f886d6 [32m200 [0m1.833 ms - 270714[0m
[0mGET /static/css/mobile.css [32m200 [0m0.376 ms - 705[0m
[0mGET /static/lib/bootstrap/dist/css/bootstrap.css.map [32m200 [0m0.534 ms - 430003[0m
[0mGET / [32m200 [0m0.747 ms - 9606[0m
[0mGET /static/css/define.css [32m200 [0m1.138 ms - 1927[0m
[0mGET /static/css/desktop.css [32m200 [0m1.202 ms - 675[0m
[0mGET /static/lib/bootstrap/dist/css/bootstrap.css [32m200 [0m2.151 ms - 173597[0m
[0mGET /static/js/index.js?f838fdfc1a6127f886d6 [32m200 [0m1.243 ms - 270714[0m
[0mGET /static/css/mobile.css [32m200 [0m0.496 ms - 705[0m
[0mGET /static/lib/bootstrap/dist/css/bootstrap.css.map [32m200 [0m1.573 ms - 430003[0m
[0mGET / [32m200 [0m7.783 ms - 9622[0m
[0mGET /static/css/define.css [32m200 [0m2.208 ms - 1927[0m
[0mGET /static/css/desktop.css [32m200 [0m2.304 ms - 675[0m
[0mGET /static/js/index.js?3b40b0e72a4c8fbd18c8 [32m200 [0m1.003 ms - 270718[0m
[0mGET /static/lib/bootstrap/dist/css/bootstrap.css [32m200 [0m3.162 ms - 173597[0m
[0mGET /static/css/mobile.css [32m200 [0m0.647 ms - 705[0m
[0mGET /static/lib/bootstrap/dist/css/bootstrap.css.map [32m200 [0m2.219 ms - 430003[0m
[0mGET / [32m200 [0m0.968 ms - 9622[0m
[0mGET /static/css/define.css [32m200 [0m1.411 ms - 1927[0m
[0mGET /static/css/desktop.css [32m200 [0m1.556 ms - 675[0m
[0mGET /static/lib/bootstrap/dist/css/bootstrap.css [32m200 [0m2.353 ms - 173597[0m
[0mGET /static/js/index.js?3b40b0e72a4c8fbd18c8 [32m200 [0m1.140 ms - 270718[0m
[0mGET /static/css/mobile.css [32m200 [0m0.382 ms - 705[0m
[0mGET /static/lib/bootstrap/dist/css/bootstrap.css.map [32m200 [0m0.539 ms - 430003[0m
[0mGET / [32m200 [0m3.204 ms - 9622[0m
[0mGET /static/css/desktop.css [32m200 [0m2.648 ms - 675[0m
[0mGET /static/css/define.css [32m200 [0m3.211 ms - 1927[0m
[0mGET /static/lib/bootstrap/dist/css/bootstrap.css [32m200 [0m3.742 ms - 173597[0m
[0mGET /static/js/index.js?3b40b0e72a4c8fbd18c8 [32m200 [0m2.983 ms - 270718[0m
[0mGET /static/css/mobile.css [32m200 [0m3.460 ms - 705[0m
[0mGET /static/lib/bootstrap/dist/css/bootstrap.css.map [32m200 [0m2.436 ms - 430003[0m
[0mGET / [32m200 [0m1.217 ms - 9622[0m
[0mGET /static/css/define.css [32m200 [0m4.511 ms - 1927[0m
[0mGET /static/css/desktop.css [32m200 [0m8.665 ms - 675[0m
[0mGET /static/lib/bootstrap/dist/css/bootstrap.css [32m200 [0m10.375 ms - 173597[0m
[0mGET /static/js/index.js?529cd9848ee9b85d5965 [32m200 [0m0.937 ms - 270722[0m
[0mGET /static/css/mobile.css [32m200 [0m1.699 ms - 705[0m
[0mGET /static/lib/bootstrap/dist/css/bootstrap.css.map [32m200 [0m1.099 ms - 430003[0m
[0mGET / [32m200 [0m1.015 ms - 9622[0m
[0mGET /static/css/define.css [32m200 [0m1.212 ms - 1927[0m
[0mGET /static/css/desktop.css [32m200 [0m1.387 ms - 675[0m
[0mGET /static/lib/bootstrap/dist/css/bootstrap.css [32m200 [0m2.609 ms - 173597[0m
[0mGET /static/js/index.js?529cd9848ee9b85d5965 [32m200 [0m1.377 ms - 270722[0m
[0mGET /static/css/mobile.css [32m200 [0m0.456 ms - 705[0m
[0mGET /static/lib/bootstrap/dist/css/bootstrap.css.map [32m200 [0m0.727 ms - 430003[0m
[0mGET / [32m200 [0m2.527 ms - 9622[0m
[0mGET /static/css/desktop.css [32m200 [0m6.002 ms - 675[0m
[0mGET /static/css/define.css [32m200 [0m6.515 ms - 1927[0m
[0mGET /static/lib/bootstrap/dist/css/bootstrap.css [32m200 [0m6.985 ms - 173597[0m
[0mGET /static/js/index.js?529cd9848ee9b85d5965 [32m200 [0m6.451 ms - 270722[0m
[0mGET /static/css/mobile.css [32m200 [0m0.696 ms - 705[0m
[0mGET /static/lib/bootstrap/dist/css/bootstrap.css.map [32m200 [0m0.715 ms - 430003[0m
[0mGET / [32m200 [0m1.348 ms - 9622[0m
[0mGET /static/css/desktop.css [32m200 [0m15.609 ms - 675[0m
[0mGET /static/css/define.css [32m200 [0m16.291 ms - 1927[0m
[0mGET /static/lib/bootstrap/dist/css/bootstrap.css [32m200 [0m16.391 ms - 173597[0m
[0mGET /static/js/index.js?529cd9848ee9b85d5965 [32m200 [0m16.067 ms - 270722[0m
[0mGET /static/css/mobile.css [32m200 [0m1.586 ms - 705[0m
[0mGET /static/lib/bootstrap/dist/css/bootstrap.css.map [32m200 [0m2.859 ms - 430003[0m
[0mGET / [32m200 [0m1.047 ms - 9622[0m
[0mGET /static/css/define.css [32m200 [0m4.128 ms - 1927[0m
[0mGET /static/css/desktop.css [32m200 [0m4.186 ms - 675[0m
[0mGET /static/lib/bootstrap/dist/css/bootstrap.css [32m200 [0m5.046 ms - 173597[0m
[0mGET /static/js/index.js?529cd9848ee9b85d5965 [32m200 [0m4.133 ms - 270722[0m
[0mGET /static/css/mobile.css [32m200 [0m7.666 ms - 705[0m
[0mGET /static/lib/bootstrap/dist/css/bootstrap.css.map [32m200 [0m0.402 ms - 430003[0m
[0mGET / [32m200 [0m2.776 ms - 9622[0m
[0mGET /static/css/define.css [32m200 [0m1.466 ms - 1927[0m
[0mGET /static/css/desktop.css [32m200 [0m1.498 ms - 675[0m
[0mGET /static/lib/bootstrap/dist/css/bootstrap.css [32m200 [0m2.314 ms - 173597[0m
[0mGET /static/js/index.js?b8c268a1353a7c25b7dd [32m200 [0m1.450 ms - 270710[0m
[0mGET /static/css/mobile.css [32m200 [0m0.417 ms - 705[0m
[0mGET /static/lib/bootstrap/dist/css/bootstrap.css.map [32m200 [0m0.593 ms - 430003[0m
[0mGET / [32m200 [0m7.163 ms - 9622[0m
[0mGET /static/css/define.css [32m200 [0m6.990 ms - 1927[0m
[0mGET /static/css/desktop.css [32m200 [0m7.112 ms - 675[0m
[0mGET /static/js/index.js?d0737bb1573b2ce7324a [32m200 [0m2.284 ms - 270833[0m
[0mGET /static/lib/bootstrap/dist/css/bootstrap.css [32m200 [0m8.100 ms - 173597[0m
[0mGET /static/css/mobile.css [32m200 [0m1.019 ms - 705[0m
[0mGET /static/lib/bootstrap/dist/css/bootstrap.css.map [32m200 [0m1.668 ms - 430003[0m
[0mGET / [32m200 [0m0.766 ms - 9622[0m
[0mGET /static/css/define.css [32m200 [0m7.254 ms - 1927[0m
[0mGET /static/css/desktop.css [32m200 [0m7.783 ms - 675[0m
[0mGET /static/lib/bootstrap/dist/css/bootstrap.css [32m200 [0m2.010 ms - 173597[0m
[0mGET /static/js/index.js?d0737bb1573b2ce7324a [32m200 [0m6.588 ms - 270833[0m
[0mGET /static/css/mobile.css [32m200 [0m0.470 ms - 705[0m
[0mGET /static/lib/bootstrap/dist/css/bootstrap.css.map [32m200 [0m0.641 ms - 430003[0m
[0mGET / [32m200 [0m0.793 ms - 9622[0m
[0mGET /static/css/define.css [32m200 [0m2.423 ms - 1927[0m
[0mGET /static/css/desktop.css [32m200 [0m2.635 ms - 675[0m
[0mGET /static/lib/bootstrap/dist/css/bootstrap.css [32m200 [0m3.735 ms - 173597[0m
[0mGET /static/js/index.js?d0737bb1573b2ce7324a [32m200 [0m1.743 ms - 270833[0m
[0mGET /static/css/mobile.css [32m200 [0m4.473 ms - 705[0m
[0mGET /static/lib/bootstrap/dist/css/bootstrap.css.map [32m200 [0m0.585 ms - 430003[0m
[0mGET / [32m200 [0m0.685 ms - 9622[0m
[0mGET /static/css/define.css [32m200 [0m1.021 ms - 1927[0m
[0mGET /static/css/desktop.css [32m200 [0m1.161 ms - 675[0m
[0mGET /static/lib/bootstrap/dist/css/bootstrap.css [32m200 [0m1.911 ms - 173597[0m
[0mGET /static/js/index.js?d0737bb1573b2ce7324a [32m200 [0m1.535 ms - 270833[0m
[0mGET /static/css/mobile.css [32m200 [0m1.313 ms - 705[0m
[0mGET /static/lib/bootstrap/dist/css/bootstrap.css.map [32m200 [0m0.612 ms - 430003[0m
[0mGET / [32m200 [0m0.991 ms - 9622[0m
[0mGET /static/css/define.css [32m200 [0m1.379 ms - 1927[0m
[0mGET /static/css/desktop.css [32m200 [0m1.460 ms - 675[0m
[0mGET /static/lib/bootstrap/dist/css/bootstrap.css [32m200 [0m9.069 ms - 173597[0m
[0mGET /static/js/index.js?d0737bb1573b2ce7324a [32m200 [0m8.286 ms - 270833[0m
[0mGET /static/css/mobile.css [32m200 [0m0.476 ms - 705[0m
[0mGET /static/lib/bootstrap/dist/css/bootstrap.css.map [32m200 [0m0.657 ms - 430003[0m
[0mGET / [32m200 [0m6.145 ms - 9622[0m
[0mGET /static/css/define.css [32m200 [0m1.242 ms - 1927[0m
[0mGET /static/css/desktop.css [32m200 [0m2.370 ms - 675[0m
[0mGET /static/lib/bootstrap/dist/css/bootstrap.css [32m200 [0m2.837 ms - 173597[0m
[0mGET /static/js/index.js?d0737bb1573b2ce7324a [32m200 [0m1.712 ms - 270833[0m
[0mGET /static/css/mobile.css [32m200 [0m0.685 ms - 705[0m
[0mGET /static/lib/bootstrap/dist/css/bootstrap.css.map [32m200 [0m2.745 ms - 430003[0m
[0mGET / [32m200 [0m0.825 ms - 9622[0m
[0mGET /static/css/define.css [32m200 [0m1.324 ms - 1927[0m
[0mGET /static/css/desktop.css [32m200 [0m1.520 ms - 675[0m
[0mGET /static/lib/bootstrap/dist/css/bootstrap.css [32m200 [0m2.278 ms - 173597[0m
[0mGET /static/js/index.js?d0737bb1573b2ce7324a [32m200 [0m1.505 ms - 270833[0m
[0mGET /static/css/mobile.css [32m200 [0m0.401 ms - 705[0m
[0mGET /static/lib/bootstrap/dist/css/bootstrap.css.map [32m200 [0m1.405 ms - 430003[0m
[0mGET / [32m200 [0m1.191 ms - 9622[0m
[0mGET /static/css/desktop.css [32m200 [0m1.323 ms - 675[0m
[0mGET /static/css/define.css [32m200 [0m1.915 ms - 1927[0m
[0mGET /static/lib/bootstrap/dist/css/bootstrap.css [32m200 [0m2.664 ms - 173597[0m
[0mGET /static/js/index.js?d0737bb1573b2ce7324a [32m200 [0m1.769 ms - 270833[0m
[0mGET /static/css/mobile.css [32m200 [0m0.600 ms - 705[0m
[0mGET /static/lib/bootstrap/dist/css/bootstrap.css.map [32m200 [0m0.667 ms - 430003[0m
[0mGET / [32m200 [0m5.160 ms - 9622[0m
[0mGET /static/css/define.css [32m200 [0m1.778 ms - 1927[0m
[0mGET /static/css/desktop.css [32m200 [0m1.897 ms - 675[0m
[0mGET /static/lib/bootstrap/dist/css/bootstrap.css [32m200 [0m2.649 ms - 173597[0m
[0mGET /static/js/index.js?d0737bb1573b2ce7324a [32m200 [0m1.833 ms - 270833[0m
[0mGET /static/css/mobile.css [32m200 [0m0.765 ms - 705[0m
[0mGET /static/lib/bootstrap/dist/css/bootstrap.css.map [32m200 [0m0.962 ms - 430003[0m
[0mGET / [32m200 [0m2.697 ms - 9622[0m
[0mGET /static/css/define.css [32m200 [0m2.988 ms - 1927[0m
[0mGET /static/css/desktop.css [32m200 [0m3.298 ms - 675[0m
[0mGET /static/js/index.js?ff79d7940e99c94af8ed [32m200 [0m0.821 ms - 270868[0m
[0mGET /static/lib/bootstrap/dist/css/bootstrap.css [32m200 [0m4.025 ms - 173597[0m
[0mGET /static/css/mobile.css [32m200 [0m0.611 ms - 705[0m
[0mGET /static/lib/bootstrap/dist/css/bootstrap.css.map [32m200 [0m2.225 ms - 430003[0m
[0mGET / [32m200 [0m1.213 ms - 9622[0m
[0mGET /static/css/define.css [32m200 [0m1.143 ms - 1927[0m
[0mGET /static/css/desktop.css [32m200 [0m1.238 ms - 675[0m
[0mGET /static/lib/bootstrap/dist/css/bootstrap.css [32m200 [0m2.144 ms - 173597[0m
[0mGET /static/js/index.js?ff79d7940e99c94af8ed [32m200 [0m1.241 ms - 270868[0m
[0mGET /static/css/mobile.css [32m200 [0m0.418 ms - 705[0m
[0mGET /static/lib/bootstrap/dist/css/bootstrap.css.map [32m200 [0m0.716 ms - 430003[0m
[0mGET / [32m200 [0m2.225 ms - 9622[0m
[0mGET /static/css/define.css [32m200 [0m1.122 ms - 1927[0m
[0mGET /static/css/desktop.css [32m200 [0m1.172 ms - 675[0m
[0mGET /static/lib/bootstrap/dist/css/bootstrap.css [32m200 [0m2.021 ms - 173597[0m
[0mGET /static/js/index.js?ff79d7940e99c94af8ed [32m200 [0m1.214 ms - 270868[0m
[0mGET /static/css/mobile.css [32m200 [0m0.444 ms - 705[0m
[0mGET /static/lib/bootstrap/dist/css/bootstrap.css.map [32m200 [0m0.497 ms - 430003[0m
[0mGET / [32m200 [0m6.493 ms - 9622[0m
[0mGET /static/css/desktop.css [32m200 [0m1.666 ms - 675[0m
[0mGET /static/css/define.css [32m200 [0m2.231 ms - 1927[0m
[0mGET /static/lib/bootstrap/dist/css/bootstrap.css [32m200 [0m2.968 ms - 173597[0m
[0mGET /static/js/index.js?ff79d7940e99c94af8ed [32m200 [0m2.042 ms - 270868[0m
[0mGET /static/css/mobile.css [32m200 [0m1.404 ms - 705[0m
[0mGET /static/lib/bootstrap/dist/css/bootstrap.css.map [32m200 [0m2.629 ms - 430003[0m
[0mGET / [32m200 [0m1.932 ms - 9622[0m
[0mGET /static/css/define.css [32m200 [0m1.167 ms - 1927[0m
[0mGET /static/css/desktop.css [32m200 [0m1.272 ms - 675[0m
[0mGET /static/lib/bootstrap/dist/css/bootstrap.css [32m200 [0m4.622 ms - 173597[0m
[0mGET /static/js/index.js?ff79d7940e99c94af8ed [32m200 [0m3.740 ms - 270868[0m
[0mGET /static/css/mobile.css [32m200 [0m0.422 ms - 705[0m
[0mGET /static/lib/bootstrap/dist/css/bootstrap.css.map [32m200 [0m0.870 ms - 430003[0m
[0mGET / [32m200 [0m0.769 ms - 9622[0m
[0mGET /static/lib/bootstrap/dist/css/bootstrap.css [32m200 [0m0.446 ms - 173597[0m
[0mGET /static/css/define.css [32m200 [0m1.457 ms - 1927[0m
[0mGET /static/css/desktop.css [32m200 [0m1.412 ms - 675[0m
[0mGET /static/js/index.js?ff79d7940e99c94af8ed [32m200 [0m1.371 ms - 270868[0m
[0mGET /static/css/mobile.css [32m200 [0m0.362 ms - 705[0m
[0mGET /static/lib/bootstrap/dist/css/bootstrap.css.map [32m200 [0m0.580 ms - 430003[0m
[0mGET / [32m200 [0m1.181 ms - 9622[0m
[0mGET /static/css/define.css [32m200 [0m1.065 ms - 1927[0m
[0mGET /static/css/desktop.css [32m200 [0m1.245 ms - 675[0m
[0mGET /static/lib/bootstrap/dist/css/bootstrap.css [32m200 [0m2.400 ms - 173597[0m
[0mGET /static/js/index.js?ff79d7940e99c94af8ed [32m200 [0m1.531 ms - 270868[0m
[0mGET /static/css/mobile.css [32m200 [0m0.406 ms - 705[0m
[0mGET /static/lib/bootstrap/dist/css/bootstrap.css.map [32m200 [0m0.577 ms - 430003[0m
[0mGET / [32m200 [0m0.708 ms - 9622[0m
[0mGET /static/css/define.css [32m200 [0m1.845 ms - 1927[0m
[0mGET /static/css/desktop.css [32m200 [0m1.723 ms - 675[0m
[0mGET /static/lib/bootstrap/dist/css/bootstrap.css [32m200 [0m2.814 ms - 173597[0m
[0mGET /static/js/index.js?ff79d7940e99c94af8ed [32m200 [0m1.184 ms - 270868[0m
[0mGET /static/css/mobile.css [32m200 [0m0.463 ms - 705[0m
[0mGET /static/lib/bootstrap/dist/css/bootstrap.css.map [32m200 [0m0.698 ms - 430003[0m
[0mGET / [32m200 [0m1.247 ms - 9622[0m
[0mGET /static/css/desktop.css [32m200 [0m1.208 ms - 675[0m
[0mGET /static/css/define.css [32m200 [0m1.284 ms - 1927[0m
[0mGET /static/lib/bootstrap/dist/css/bootstrap.css [32m200 [0m2.036 ms - 173597[0m
[0mGET /static/js/index.js?ff79d7940e99c94af8ed [32m200 [0m1.231 ms - 270868[0m
[0mGET /static/css/mobile.css [32m200 [0m0.362 ms - 705[0m
[0mGET /static/lib/bootstrap/dist/css/bootstrap.css.map [32m200 [0m0.706 ms - 430003[0m
