[0mGET / [32m200 [0m1.622 ms - 9622[0m
[0mGET /static/css/desktop.css [32m200 [0m1.794 ms - 675[0m
[0mGET /static/css/define.css [32m200 [0m2.210 ms - 1927[0m
[0mGET /static/js/index.js?714f6a2bd5939cbb5c4d [32m200 [0m1.308 ms - 270951[0m
[0mGET /static/lib/bootstrap/dist/css/bootstrap.css [32m200 [0m2.725 ms - 173597[0m
[0mGET /static/css/mobile.css [32m200 [0m1.079 ms - 705[0m
[0mGET /static/lib/bootstrap/dist/css/bootstrap.css.map [32m200 [0m0.917 ms - 430003[0m
[0mGET / [32m200 [0m2.339 ms - 9622[0m
[0mGET /static/css/define.css [32m200 [0m1.257 ms - 1927[0m
[0mGET /static/css/desktop.css [32m200 [0m1.316 ms - 675[0m
[0mGET /static/lib/bootstrap/dist/css/bootstrap.css [32m200 [0m2.140 ms - 173597[0m
[0mGET /static/js/index.js?714f6a2bd5939cbb5c4d [32m200 [0m1.290 ms - 270951[0m
[0mGET /static/css/mobile.css [32m200 [0m0.818 ms - 705[0m
[0mGET /static/lib/bootstrap/dist/css/bootstrap.css.map [32m200 [0m0.507 ms - 430003[0m
[0mGET / [32m200 [0m0.896 ms - 9622[0m
[0mGET /static/css/define.css [32m200 [0m1.090 ms - 1927[0m
[0mGET /static/css/desktop.css [32m200 [0m1.183 ms - 675[0m
[0mGET /static/lib/bootstrap/dist/css/bootstrap.css [32m200 [0m1.923 ms - 173597[0m
[0mGET /static/js/index.js?714f6a2bd5939cbb5c4d [32m200 [0m1.179 ms - 270951[0m
[0mGET /static/css/mobile.css [32m200 [0m0.436 ms - 705[0m
[0mGET /static/lib/bootstrap/dist/css/bootstrap.css.map [32m200 [0m0.657 ms - 430003[0m
[0mGET / [32m200 [0m0.822 ms - 9622[0m
[0mGET /static/css/define.css [32m200 [0m1.287 ms - 1927[0m
[0mGET /static/css/desktop.css [32m200 [0m2.612 ms - 675[0m
[0mGET /static/lib/bootstrap/dist/css/bootstrap.css [32m200 [0m3.488 ms - 173597[0m
[0mGET /static/js/index.js?714f6a2bd5939cbb5c4d [32m200 [0m2.712 ms - 270951[0m
[0mGET /static/css/mobile.css [32m200 [0m0.462 ms - 705[0m
[0mGET /static/lib/bootstrap/dist/css/bootstrap.css.map [32m200 [0m0.482 ms - 430003[0m
[0mGET / [32m200 [0m0.688 ms - 9622[0m
[0mGET /static/css/define.css [32m200 [0m1.257 ms - 1927[0m
[0mGET /static/css/desktop.css [32m200 [0m1.306 ms - 675[0m
[0mGET /static/lib/bootstrap/dist/css/bootstrap.css [32m200 [0m2.356 ms - 173597[0m
[0mGET /static/js/index.js?714f6a2bd5939cbb5c4d [32m200 [0m0.688 ms - 270951[0m
[0mGET /static/css/mobile.css [32m200 [0m0.451 ms - 705[0m
[0mGET /static/lib/bootstrap/dist/css/bootstrap.css.map [32m200 [0m2.443 ms - 430003[0m
[0mGET / [32m200 [0m0.859 ms - 9622[0m
[0mGET /static/css/define.css [32m200 [0m1.861 ms - 1927[0m
[0mGET /static/css/desktop.css [32m200 [0m1.955 ms - 675[0m
[0mGET /static/lib/bootstrap/dist/css/bootstrap.css [32m200 [0m2.879 ms - 173597[0m
[0mGET /static/js/index.js?714f6a2bd5939cbb5c4d [32m200 [0m2.012 ms - 270951[0m
[0mGET /static/css/mobile.css [32m200 [0m0.370 ms - 705[0m
[0mGET /static/lib/bootstrap/dist/css/bootstrap.css.map [32m200 [0m0.494 ms - 430003[0m
[0mGET / [32m200 [0m1.363 ms - 9622[0m
[0mGET /static/css/define.css [32m200 [0m3.125 ms - 1927[0m
[0mGET /static/css/desktop.css [32m200 [0m2.839 ms - 675[0m
[0mGET /static/js/index.js?b860c3681941161ab357 [32m200 [0m1.045 ms - 270814[0m
[0mGET /static/lib/bootstrap/dist/css/bootstrap.css [32m200 [0m4.210 ms - 173597[0m
[0mGET /static/css/mobile.css [32m200 [0m1.901 ms - 705[0m
[0mGET /static/lib/bootstrap/dist/css/bootstrap.css.map [32m200 [0m2.148 ms - 430003[0m
[0mGET / [32m200 [0m1.115 ms - 9622[0m
[0mGET /static/css/define.css [32m200 [0m3.830 ms - 1927[0m
[0mGET /static/css/desktop.css [32m200 [0m4.309 ms - 675[0m
[0mGET /static/lib/bootstrap/dist/css/bootstrap.css [32m200 [0m5.006 ms - 173597[0m
[0mGET /static/js/index.js?b860c3681941161ab357 [32m200 [0m3.806 ms - 270814[0m
[0mGET /static/css/mobile.css [32m200 [0m0.473 ms - 705[0m
[0mGET /static/lib/bootstrap/dist/css/bootstrap.css.map [32m200 [0m0.477 ms - 430003[0m
[0mGET / [32m200 [0m1.005 ms - 9622[0m
[0mGET /static/css/define.css [32m200 [0m1.234 ms - 1927[0m
[0mGET /static/css/desktop.css [32m200 [0m1.407 ms - 675[0m
[0mGET /static/lib/bootstrap/dist/css/bootstrap.css [32m200 [0m2.394 ms - 173597[0m
[0mGET /static/js/index.js?b860c3681941161ab357 [32m200 [0m1.503 ms - 270814[0m
[0mGET /static/css/mobile.css [32m200 [0m0.432 ms - 705[0m
[0mGET /static/lib/bootstrap/dist/css/bootstrap.css.map [32m200 [0m0.641 ms - 430003[0m
[0mGET / [32m200 [0m6.496 ms - 9622[0m
[0mGET /static/css/define.css [32m200 [0m3.032 ms - 1927[0m
[0mGET /static/css/desktop.css [32m200 [0m3.281 ms - 675[0m
[0mGET /static/lib/bootstrap/dist/css/bootstrap.css [32m200 [0m4.456 ms - 173597[0m
[0mGET /static/js/index.js?34ca77ce0ce19da0f5ea [32m200 [0m1.350 ms - 270814[0m
[0mGET /static/css/mobile.css [32m200 [0m4.803 ms - 705[0m
[0mGET /static/lib/bootstrap/dist/css/bootstrap.css.map [32m200 [0m0.947 ms - 430003[0m
[0mGET / [32m200 [0m1.024 ms - 9622[0m
[0mGET /static/css/define.css [32m200 [0m1.037 ms - 1927[0m
[0mGET /static/css/desktop.css [32m200 [0m1.118 ms - 675[0m
[0mGET /static/lib/bootstrap/dist/css/bootstrap.css [32m200 [0m1.856 ms - 173597[0m
[0mGET /static/js/index.js?34ca77ce0ce19da0f5ea [32m200 [0m1.103 ms - 270814[0m
[0mGET /static/css/mobile.css [32m200 [0m0.396 ms - 705[0m
[0mGET /static/lib/bootstrap/dist/css/bootstrap.css.map [32m200 [0m0.521 ms - 430003[0m
[0mGET / [32m200 [0m4.815 ms - 9622[0m
[0mGET /static/css/define.css [32m200 [0m5.578 ms - 1927[0m
[0mGET /static/css/desktop.css [32m200 [0m5.837 ms - 675[0m
[0mGET /static/lib/bootstrap/dist/css/bootstrap.css [32m200 [0m6.892 ms - 173597[0m
[0mGET /static/js/index.js?34ca77ce0ce19da0f5ea [32m200 [0m2.306 ms - 270814[0m
[0mGET /static/css/mobile.css [32m200 [0m0.690 ms - 705[0m
[0mGET /static/lib/bootstrap/dist/css/bootstrap.css.map [32m200 [0m2.332 ms - 430003[0m
[0mGET / [32m200 [0m2.292 ms - 9622[0m
[0mGET /static/css/desktop.css [32m200 [0m3.219 ms - 675[0m
[0mGET /static/css/define.css [32m200 [0m3.852 ms - 1927[0m
[0mGET /static/js/index.js?27609cc7d67814330c5e [32m200 [0m1.492 ms - 270838[0m
[0mGET /static/lib/bootstrap/dist/css/bootstrap.css [32m200 [0m4.509 ms - 173597[0m
[0mGET /static/css/mobile.css [32m200 [0m0.850 ms - 705[0m
[0mGET /static/lib/bootstrap/dist/css/bootstrap.css.map [32m200 [0m0.722 ms - 430003[0m
[0mGET / [32m200 [0m1.284 ms - 9622[0m
[0mGET /static/css/define.css [32m200 [0m2.229 ms - 1927[0m
[0mGET /static/css/desktop.css [32m200 [0m2.274 ms - 675[0m
[0mGET /static/lib/bootstrap/dist/css/bootstrap.css [32m200 [0m3.155 ms - 173597[0m
[0mGET /static/js/index.js?27609cc7d67814330c5e [32m200 [0m2.234 ms - 270838[0m
[0mGET /static/css/mobile.css [32m200 [0m0.398 ms - 705[0m
[0mGET /static/lib/bootstrap/dist/css/bootstrap.css.map [32m200 [0m0.566 ms - 430003[0m
[0mGET / [32m200 [0m0.745 ms - 9622[0m
[0mGET /static/css/desktop.css [32m200 [0m1.004 ms - 675[0m
[0mGET /static/css/define.css [32m200 [0m1.467 ms - 1927[0m
[0mGET /static/lib/bootstrap/dist/css/bootstrap.css [32m200 [0m2.051 ms - 173597[0m
[0mGET /static/js/index.js?27609cc7d67814330c5e [32m200 [0m1.274 ms - 270838[0m
[0mGET /static/css/mobile.css [32m200 [0m0.437 ms - 705[0m
[0mGET /static/lib/bootstrap/dist/css/bootstrap.css.map [32m200 [0m0.481 ms - 430003[0m
[0mGET / [32m200 [0m0.756 ms - 9622[0m
[0mGET /static/css/define.css [32m200 [0m1.059 ms - 1927[0m
[0mGET /static/css/desktop.css [32m200 [0m1.104 ms - 675[0m
[0mGET /static/lib/bootstrap/dist/css/bootstrap.css [32m200 [0m1.884 ms - 173597[0m
[0mGET /static/js/index.js?27609cc7d67814330c5e [32m200 [0m1.078 ms - 270838[0m
[0mGET /static/css/mobile.css [32m200 [0m0.414 ms - 705[0m
[0mGET /static/lib/bootstrap/dist/css/bootstrap.css.map [32m200 [0m0.551 ms - 430003[0m
[0mGET / [36m304 [0m2.825 ms - -[0m
[0mGET /static/css/define.css [36m304 [0m0.754 ms - -[0m
[0mGET /static/css/desktop.css [36m304 [0m0.755 ms - -[0m
[0mGET /static/js/index.js?27609cc7d67814330c5e [36m304 [0m0.717 ms - -[0m
[0mGET /static/lib/bootstrap/dist/css/bootstrap.css [36m304 [0m1.715 ms - -[0m
[0mGET /static/css/mobile.css [36m304 [0m0.243 ms - -[0m
[0mGET / [36m304 [0m0.777 ms - -[0m
[0mGET /static/css/define.css [36m304 [0m0.759 ms - -[0m
[0mGET /static/css/desktop.css [36m304 [0m0.767 ms - -[0m
[0mGET /static/js/index.js?27609cc7d67814330c5e [36m304 [0m0.741 ms - -[0m
[0mGET /static/lib/bootstrap/dist/css/bootstrap.css [36m304 [0m1.819 ms - -[0m
[0mGET /static/css/mobile.css [36m304 [0m0.425 ms - -[0m
[0mGET /static/css/define.css [36m304 [0m0.471 ms - -[0m
[0mGET /static/css/desktop.css [36m304 [0m0.482 ms - -[0m
[0mGET /static/lib/bootstrap/dist/css/bootstrap.css [36m304 [0m2.104 ms - -[0m
[0mGET /static/css/mobile.css [36m304 [0m0.479 ms - -[0m
[0mGET /static/lib/bootstrap/dist/css/bootstrap.css.map [32m200 [0m1.008 ms - 430003[0m
[0mGET / [32m200 [0m5.836 ms - 9622[0m
[0mGET /static/css/define.css [32m200 [0m1.703 ms - 1927[0m
[0mGET /static/css/desktop.css [32m200 [0m1.854 ms - 675[0m
[0mGET /static/lib/bootstrap/dist/css/bootstrap.css [32m200 [0m2.744 ms - 173597[0m
[0mGET /static/js/index.js?27609cc7d67814330c5e [32m200 [0m1.897 ms - 270838[0m
[0mGET /static/css/mobile.css [32m200 [0m0.846 ms - 705[0m
[0mGET /static/lib/bootstrap/dist/css/bootstrap.css.map [32m200 [0m0.953 ms - 430003[0m
[0mGET / [32m200 [0m6.476 ms - 9622[0m
[0mGET /static/css/desktop.css [32m200 [0m1.882 ms - 675[0m
[0mGET /static/css/define.css [32m200 [0m2.466 ms - 1927[0m
[0mGET /static/lib/bootstrap/dist/css/bootstrap.css [32m200 [0m3.164 ms - 173597[0m
[0mGET /static/js/index.js?27609cc7d67814330c5e [32m200 [0m2.136 ms - 270838[0m
[0mGET /static/css/mobile.css [32m200 [0m0.783 ms - 705[0m
[0mGET /static/lib/bootstrap/dist/css/bootstrap.css.map [32m200 [0m1.820 ms - 430003[0m
[0mGET / [32m200 [0m1.260 ms - 9622[0m
[0mGET /static/lib/bootstrap/dist/css/bootstrap.css [32m200 [0m5.128 ms - 173597[0m
[0mGET /static/css/define.css [32m200 [0m2.421 ms - 1927[0m
[0mGET /static/css/desktop.css [32m200 [0m2.841 ms - 675[0m
[0mGET /static/js/index.js?9f7425b533b862b31973 [32m200 [0m0.809 ms - 270680[0m
[0mGET /static/css/mobile.css [32m200 [0m0.593 ms - 705[0m
[0mGET /static/lib/bootstrap/dist/css/bootstrap.css.map [32m200 [0m2.587 ms - 430003[0m
[0mGET / [32m200 [0m1.659 ms - 9622[0m
[0mGET /static/css/define.css [32m200 [0m1.289 ms - 1927[0m
[0mGET /static/css/desktop.css [32m200 [0m1.335 ms - 675[0m
[0mGET /static/lib/bootstrap/dist/css/bootstrap.css [32m200 [0m12.311 ms - 173597[0m
[0mGET /static/js/index.js?9f7425b533b862b31973 [32m200 [0m1.301 ms - 270680[0m
[0mGET /static/css/mobile.css [32m200 [0m0.396 ms - 705[0m
[0mGET /static/lib/bootstrap/dist/css/bootstrap.css.map [32m200 [0m0.397 ms - 430003[0m
[0mGET / [32m200 [0m1.859 ms - 9622[0m
[0mGET /static/css/desktop.css [32m200 [0m1.471 ms - 675[0m
[0mGET /static/css/define.css [32m200 [0m1.956 ms - 1927[0m
[0mGET /static/js/index.js?9fdb38b4840063409305 [32m200 [0m0.916 ms - 270699[0m
[0mGET /static/lib/bootstrap/dist/css/bootstrap.css [32m200 [0m2.684 ms - 173597[0m
[0mGET /static/css/mobile.css [32m200 [0m2.999 ms - 705[0m
[0mGET /static/lib/bootstrap/dist/css/bootstrap.css.map [32m200 [0m0.824 ms - 430003[0m
[0mGET / [32m200 [0m1.132 ms - 9622[0m
[0mGET /static/lib/bootstrap/dist/css/bootstrap.css [32m200 [0m0.567 ms - 173597[0m
[0mGET /static/css/desktop.css [32m200 [0m0.676 ms - 675[0m
[0mGET /static/css/define.css [32m200 [0m1.306 ms - 1927[0m
[0mGET /static/js/index.js?9fdb38b4840063409305 [32m200 [0m0.944 ms - 270699[0m
[0mGET /static/css/mobile.css [32m200 [0m0.465 ms - 705[0m
[0mGET /static/lib/bootstrap/dist/css/bootstrap.css.map [32m200 [0m0.574 ms - 430003[0m
[0mGET / [32m200 [0m1.796 ms - 9622[0m
[0mGET /static/css/define.css [32m200 [0m1.440 ms - 1927[0m
[0mGET /static/lib/bootstrap/dist/css/bootstrap.css [32m200 [0m2.106 ms - 173597[0m
[0mGET /static/css/desktop.css [32m200 [0m3.079 ms - 675[0m
[0mGET /static/js/index.js?8184661b1a9df4e832b7 [32m200 [0m1.801 ms - 351082[0m
[0mGET /static/css/mobile.css [32m200 [0m0.563 ms - 705[0m
[0mGET /static/lib/bootstrap/dist/css/bootstrap.css.map [32m200 [0m1.006 ms - 430003[0m
[0mGET / [32m200 [0m7.849 ms - 9622[0m
[0mGET /static/css/define.css [32m200 [0m1.184 ms - 1927[0m
[0mGET /static/css/desktop.css [32m200 [0m1.243 ms - 675[0m
[0mGET /static/lib/bootstrap/dist/css/bootstrap.css [32m200 [0m2.134 ms - 173597[0m
[0mGET /static/js/index.js?8184661b1a9df4e832b7 [32m200 [0m1.286 ms - 351082[0m
[0mGET /static/css/mobile.css [32m200 [0m0.436 ms - 705[0m
[0mGET /static/lib/bootstrap/dist/css/bootstrap.css.map [32m200 [0m0.537 ms - 430003[0m
[0mGET / [32m200 [0m0.792 ms - 9622[0m
[0mGET /static/css/define.css [32m200 [0m12.308 ms - 1927[0m
[0mGET /static/css/desktop.css [32m200 [0m12.438 ms - 675[0m
[0mGET /static/lib/bootstrap/dist/css/bootstrap.css [32m200 [0m14.996 ms - 173597[0m
[0mGET /static/js/index.js?8184661b1a9df4e832b7 [32m200 [0m9.637 ms - 351082[0m
[0mGET /static/css/mobile.css [32m200 [0m0.477 ms - 705[0m
[0mGET /static/lib/bootstrap/dist/css/bootstrap.css.map [32m200 [0m0.842 ms - 430003[0m
[0mGET / [36m304 [0m1.356 ms - -[0m
[0mGET /static/lib/bootstrap/dist/css/bootstrap.css [36m304 [0m0.356 ms - -[0m
[0mGET /static/css/define.css [36m304 [0m0.663 ms - -[0m
[0mGET /static/css/desktop.css [36m304 [0m0.805 ms - -[0m
[0mGET /static/js/index.js?8184661b1a9df4e832b7 [36m304 [0m0.856 ms - -[0m
[0mGET /static/css/mobile.css [36m304 [0m0.224 ms - -[0m
[0mGET / [36m304 [0m0.671 ms - -[0m
[0mGET /static/css/define.css [36m304 [0m0.703 ms - -[0m
[0mGET /static/css/desktop.css [36m304 [0m0.748 ms - -[0m
[0mGET /static/js/index.js?8184661b1a9df4e832b7 [36m304 [0m0.806 ms - -[0m
[0mGET /static/lib/bootstrap/dist/css/bootstrap.css [36m304 [0m1.657 ms - -[0m
[0mGET /static/css/mobile.css [36m304 [0m0.326 ms - -[0m
[0mGET /static/css/define.css [36m304 [0m0.330 ms - -[0m
[0mGET /static/lib/bootstrap/dist/css/bootstrap.css [36m304 [0m1.269 ms - -[0m
[0mGET /static/css/desktop.css [36m304 [0m0.639 ms - -[0m
[0mGET /static/css/mobile.css [36m304 [0m0.636 ms - -[0m
[0mGET /static/lib/bootstrap/dist/css/bootstrap.css.map [32m200 [0m1.089 ms - 430003[0m
[0mGET / [32m200 [0m1.978 ms - 9622[0m
[0mGET /static/css/desktop.css [32m200 [0m1.415 ms - 675[0m
[0mGET /static/css/define.css [32m200 [0m1.950 ms - 1927[0m
[0mGET /static/lib/bootstrap/dist/css/bootstrap.css [32m200 [0m2.731 ms - 173597[0m
[0mGET /static/js/index.js?8184661b1a9df4e832b7 [32m200 [0m1.751 ms - 351082[0m
[0mGET /static/css/mobile.css [32m200 [0m2.992 ms - 705[0m
[0mGET /static/lib/bootstrap/dist/css/bootstrap.css.map [32m200 [0m0.518 ms - 430003[0m
[0mGET / [32m200 [0m3.442 ms - 9622[0m
[0mGET /static/css/desktop.css [32m200 [0m1.966 ms - 675[0m
[0mGET /static/css/define.css [32m200 [0m3.151 ms - 1927[0m
[0mGET /static/lib/bootstrap/dist/css/bootstrap.css [32m200 [0m4.905 ms - 173597[0m
[0mGET /static/js/index.js?286258b4185a35f30bd9 [32m200 [0m1.454 ms - 350961[0m
[0mGET /static/css/mobile.css [32m200 [0m0.781 ms - 705[0m
[0mGET /static/lib/bootstrap/dist/css/bootstrap.css.map [32m200 [0m0.903 ms - 430003[0m
[0mGET / [32m200 [0m2.772 ms - 9622[0m
[0mGET /static/css/define.css [32m200 [0m12.273 ms - 1927[0m
[0mGET /static/css/desktop.css [32m200 [0m12.462 ms - 675[0m
[0mGET /static/lib/bootstrap/dist/css/bootstrap.css [32m200 [0m13.030 ms - 173597[0m
[0mGET /static/js/index.js?286258b4185a35f30bd9 [32m200 [0m2.111 ms - 350961[0m
[0mGET /static/css/mobile.css [32m200 [0m1.132 ms - 705[0m
[0mGET /static/lib/bootstrap/dist/css/bootstrap.css.map [32m200 [0m1.032 ms - 430003[0m
[0mGET / [32m200 [0m3.242 ms - 9622[0m
[0mGET /static/css/define.css [32m200 [0m3.596 ms - 1927[0m
[0mGET /static/css/desktop.css [32m200 [0m3.636 ms - 675[0m
[0mGET /static/lib/bootstrap/dist/css/bootstrap.css [32m200 [0m6.409 ms - 173597[0m
[0mGET /static/js/index.js?ecafb8944b1785078959 [32m200 [0m4.641 ms - 351082[0m
[0mGET /static/css/mobile.css [32m200 [0m0.563 ms - 705[0m
[0mGET /static/lib/bootstrap/dist/css/bootstrap.css.map [32m200 [0m0.922 ms - 430003[0m
[0mGET / [32m200 [0m15.043 ms - 9622[0m
[0mGET /static/css/desktop.css [32m200 [0m2.108 ms - 675[0m
[0mGET /static/css/define.css [32m200 [0m2.787 ms - 1927[0m
[0mGET /static/lib/bootstrap/dist/css/bootstrap.css [32m200 [0m3.719 ms - 173597[0m
[0mGET /static/js/index.js?ecafb8944b1785078959 [32m200 [0m2.654 ms - 351082[0m
[0mGET /static/css/mobile.css [32m200 [0m0.873 ms - 705[0m
[0mGET /static/lib/bootstrap/dist/css/bootstrap.css.map [32m200 [0m0.655 ms - 430003[0m
[0mGET / [32m200 [0m9.147 ms - 9613[0m
[0mGET /static/css/define.css [32m200 [0m2.936 ms - 1927[0m
[0mGET /static/css/desktop.css [32m200 [0m26.647 ms - 675[0m
[0mGET /static/lib/bootstrap/dist/css/bootstrap.css [32m200 [0m28.228 ms - 173597[0m
[0mGET /static/css/mobile.css [32m200 [0m1.282 ms - 705[0m
[0mGET /static/js/index.js?88b3ee76b292032988df [32m200 [0m1.698 ms - 351079[0m
[0mGET /static/lib/bootstrap/dist/css/bootstrap.css.map [32m200 [0m1.416 ms - 430003[0m
[0mGET / [32m200 [0m1.197 ms - 9613[0m
[0mGET /static/css/define.css [32m200 [0m1.100 ms - 1927[0m
[0mGET /static/css/desktop.css [32m200 [0m1.162 ms - 675[0m
[0mGET /static/lib/bootstrap/dist/css/bootstrap.css [32m200 [0m1.868 ms - 173597[0m
[0mGET /static/js/index.js?88b3ee76b292032988df [32m200 [0m1.127 ms - 351079[0m
[0mGET /static/css/mobile.css [32m200 [0m0.403 ms - 705[0m
[0mGET /static/lib/bootstrap/dist/css/bootstrap.css.map [32m200 [0m0.548 ms - 430003[0m
[0mGET / [32m200 [0m3.458 ms - 9613[0m
[0mGET /static/css/define.css [32m200 [0m2.321 ms - 1927[0m
[0mGET /static/lib/bootstrap/dist/css/bootstrap.css [32m200 [0m0.821 ms - 173597[0m
[0mGET /static/css/desktop.css [32m200 [0m1.403 ms - 675[0m
[0mGET /static/js/index.js?88b3ee76b292032988df [32m200 [0m1.375 ms - 351079[0m
[0mGET /static/css/mobile.css [32m200 [0m0.435 ms - 705[0m
[0mGET /static/lib/bootstrap/dist/css/bootstrap.css.map [32m200 [0m0.408 ms - 430003[0m
[0mGET / [32m200 [0m0.660 ms - 9613[0m
[0mGET /static/css/define.css [32m200 [0m1.962 ms - 1927[0m
[0mGET /static/css/desktop.css [32m200 [0m2.552 ms - 675[0m
[0mGET /static/lib/bootstrap/dist/css/bootstrap.css [32m200 [0m3.452 ms - 173597[0m
[0mGET /static/js/index.js?88b3ee76b292032988df [32m200 [0m2.644 ms - 351079[0m
[0mGET /static/css/mobile.css [32m200 [0m0.425 ms - 705[0m
[0mGET /static/lib/bootstrap/dist/css/bootstrap.css.map [32m200 [0m0.436 ms - 430003[0m
[0mGET / [32m200 [0m0.924 ms - 9613[0m
[0mGET /static/css/define.css [32m200 [0m1.036 ms - 1927[0m
[0mGET /static/css/desktop.css [32m200 [0m1.084 ms - 675[0m
[0mGET /static/lib/bootstrap/dist/css/bootstrap.css [32m200 [0m9.263 ms - 173597[0m
[0mGET /static/js/index.js?88b3ee76b292032988df [32m200 [0m8.315 ms - 351079[0m
[0mGET /static/css/mobile.css [32m200 [0m0.448 ms - 705[0m
[0mGET /static/lib/bootstrap/dist/css/bootstrap.css.map [32m200 [0m0.482 ms - 430003[0m
[0mGET / [32m200 [0m0.854 ms - 9613[0m
[0mGET /static/css/define.css [32m200 [0m1.062 ms - 1927[0m
[0mGET /static/css/desktop.css [32m200 [0m1.229 ms - 675[0m
[0mGET /static/lib/bootstrap/dist/css/bootstrap.css [32m200 [0m2.049 ms - 173597[0m
[0mGET /static/js/index.js?88b3ee76b292032988df [32m200 [0m1.195 ms - 351079[0m
[0mGET /static/css/mobile.css [32m200 [0m0.353 ms - 705[0m
[0mGET /static/lib/bootstrap/dist/css/bootstrap.css.map [32m200 [0m0.495 ms - 430003[0m
[0mGET / [32m200 [0m1.886 ms - 9613[0m
[0mGET /static/css/define.css [32m200 [0m1.468 ms - 1927[0m
[0mGET /static/css/desktop.css [32m200 [0m1.512 ms - 675[0m
[0mGET /static/lib/bootstrap/dist/css/bootstrap.css [32m200 [0m1.889 ms - 173597[0m
[0mGET /static/js/index.js?46873538d5c747215466 [32m200 [0m0.867 ms - 351101[0m
[0mGET /static/css/mobile.css [32m200 [0m0.719 ms - 705[0m
[0mGET /static/lib/bootstrap/dist/css/bootstrap.css.map [32m200 [0m0.898 ms - 430003[0m
[0mGET / [32m200 [0m3.490 ms - 9613[0m
[0mGET /static/css/define.css [32m200 [0m1.567 ms - 1927[0m
[0mGET /static/css/desktop.css [32m200 [0m1.609 ms - 675[0m
[0mGET /static/lib/bootstrap/dist/css/bootstrap.css [32m200 [0m2.550 ms - 173597[0m
[0mGET /static/js/index.js?46873538d5c747215466 [32m200 [0m1.591 ms - 351101[0m
[0mGET /static/css/mobile.css [32m200 [0m0.504 ms - 705[0m
[0mGET /static/lib/bootstrap/dist/css/bootstrap.css.map [32m200 [0m0.436 ms - 430003[0m
[0mGET / [32m200 [0m0.866 ms - 9613[0m
[0mGET /static/css/define.css [32m200 [0m2.064 ms - 1927[0m
[0mGET /static/lib/bootstrap/dist/css/bootstrap.css [32m200 [0m2.995 ms - 173597[0m
[0mGET /static/css/desktop.css [32m200 [0m1.190 ms - 675[0m
[0mGET /static/js/index.js?46873538d5c747215466 [32m200 [0m1.157 ms - 351101[0m
[0mGET /static/css/mobile.css [32m200 [0m0.510 ms - 705[0m
[0mGET /static/lib/bootstrap/dist/css/bootstrap.css.map [32m200 [0m0.517 ms - 430003[0m
[0mGET / [32m200 [0m0.791 ms - 9613[0m
[0mGET /static/css/define.css [32m200 [0m0.949 ms - 1927[0m
[0mGET /static/css/desktop.css [32m200 [0m1.039 ms - 675[0m
[0mGET /static/lib/bootstrap/dist/css/bootstrap.css [32m200 [0m1.731 ms - 173597[0m
[0mGET /static/js/index.js?46873538d5c747215466 [32m200 [0m1.064 ms - 351101[0m
[0mGET /static/css/mobile.css [32m200 [0m0.405 ms - 705[0m
[0mGET /static/lib/bootstrap/dist/css/bootstrap.css.map [32m200 [0m0.486 ms - 430003[0m
[0mGET / [32m200 [0m0.652 ms - 9613[0m
[0mGET /static/lib/bootstrap/dist/css/bootstrap.css [32m200 [0m1.535 ms - 173597[0m
[0mGET /static/css/define.css [32m200 [0m1.021 ms - 1927[0m
[0mGET /static/css/desktop.css [32m200 [0m0.974 ms - 675[0m
[0mGET /static/js/index.js?46873538d5c747215466 [32m200 [0m1.009 ms - 351101[0m
[0mGET /static/css/mobile.css [32m200 [0m0.357 ms - 705[0m
[0mGET /static/lib/bootstrap/dist/css/bootstrap.css.map [32m200 [0m0.460 ms - 430003[0m
[0mGET / [32m200 [0m4.728 ms - 9606[0m
[0mGET /static/css/define.css [32m200 [0m2.665 ms - 1927[0m
[0mGET /static/css/desktop.css [32m200 [0m4.376 ms - 675[0m
[0mGET /static/lib/bootstrap/dist/css/bootstrap.css [32m200 [0m4.865 ms - 173597[0m
[0mGET /static/js/index.js?a6b68574e96e3250c8be [32m200 [0m2.945 ms - 351079[0m
[0mGET /static/css/mobile.css [32m200 [0m0.652 ms - 705[0m
[0mGET /static/lib/bootstrap/dist/css/bootstrap.css.map [32m200 [0m1.531 ms - 430003[0m
[0mGET / [32m200 [0m1.735 ms - 9606[0m
[0mGET /static/css/desktop.css [32m200 [0m4.314 ms - 675[0m
[0mGET /static/css/define.css [32m200 [0m4.885 ms - 1927[0m
[0mGET /static/js/index.js?7a014a0cd9b586fb0e4f [32m200 [0m2.088 ms - 351987[0m
[0mGET /static/lib/bootstrap/dist/css/bootstrap.css [32m200 [0m5.528 ms - 173597[0m
[0mGET /static/css/mobile.css [32m200 [0m0.566 ms - 705[0m
[0mGET /static/lib/bootstrap/dist/css/bootstrap.css.map [32m200 [0m0.756 ms - 430003[0m
[0mGET / [32m200 [0m1.770 ms - 9606[0m
[0mGET /static/lib/bootstrap/dist/css/bootstrap.css [32m200 [0m0.539 ms - 173597[0m
[0mGET /static/css/define.css [32m200 [0m1.022 ms - 1927[0m
[0mGET /static/css/desktop.css [32m200 [0m1.034 ms - 675[0m
[0mGET /static/js/index.js?7a014a0cd9b586fb0e4f [32m200 [0m1.010 ms - 351987[0m
[0mGET /static/css/mobile.css [32m200 [0m0.407 ms - 705[0m
[0mGET /static/lib/bootstrap/dist/css/bootstrap.css.map [32m200 [0m0.586 ms - 430003[0m
[0mGET / [32m200 [0m3.235 ms - 9606[0m
[0mGET /static/css/define.css [32m200 [0m3.128 ms - 1927[0m
[0mGET /static/css/desktop.css [32m200 [0m3.267 ms - 675[0m
[0mGET /static/lib/bootstrap/dist/css/bootstrap.css [32m200 [0m4.014 ms - 173597[0m
[0mGET /static/js/index.js?48a14c5f8af23cecd80e [32m200 [0m1.342 ms - 351920[0m
[0mGET /static/css/mobile.css [32m200 [0m0.553 ms - 705[0m
[0mGET /static/lib/bootstrap/dist/css/bootstrap.css.map [32m200 [0m2.929 ms - 430003[0m
[0mGET / [32m200 [0m2.525 ms - 9606[0m
[0mGET /static/css/desktop.css [32m200 [0m2.376 ms - 675[0m
[0mGET /static/css/define.css [32m200 [0m2.843 ms - 1927[0m
[0mGET /static/js/index.js?0de677aa68d3921dd653 [32m200 [0m0.766 ms - 351885[0m
[0mGET /static/lib/bootstrap/dist/css/bootstrap.css [32m200 [0m3.326 ms - 173597[0m
[0mGET /static/css/mobile.css [32m200 [0m0.679 ms - 705[0m
[0mGET /static/lib/bootstrap/dist/css/bootstrap.css.map [32m200 [0m0.802 ms - 430003[0m
[0mGET / [32m200 [0m7.533 ms - 9606[0m
[0mGET /static/css/desktop.css [32m200 [0m1.959 ms - 675[0m
[0mGET /static/css/define.css [32m200 [0m2.561 ms - 1927[0m
[0mGET /static/js/index.js?bc18a31e677c9fd4c2a1 [32m200 [0m0.923 ms - 351872[0m
[0mGET /static/lib/bootstrap/dist/css/bootstrap.css [32m200 [0m3.114 ms - 173597[0m
[0mGET /static/css/mobile.css [32m200 [0m2.600 ms - 705[0m
[0mGET /static/lib/bootstrap/dist/css/bootstrap.css.map [32m200 [0m2.454 ms - 430003[0m
[0mGET / [32m200 [0m7.187 ms - 9606[0m
[0mGET /static/css/desktop.css [32m200 [0m2.124 ms - 675[0m
[0mGET /static/css/define.css [32m200 [0m2.633 ms - 1927[0m
[0mGET /static/lib/bootstrap/dist/css/bootstrap.css [32m200 [0m3.132 ms - 173597[0m
[0mGET /static/js/index.js?91a63b744d056731b205 [32m200 [0m1.118 ms - 351975[0m
[0mGET /static/css/mobile.css [32m200 [0m0.576 ms - 705[0m
[0mGET /static/lib/bootstrap/dist/css/bootstrap.css.map [32m200 [0m1.046 ms - 430003[0m
[0mGET / [32m200 [0m8.227 ms - 9606[0m
[0mGET /static/lib/bootstrap/dist/css/bootstrap.css [32m200 [0m5.670 ms - 173597[0m
[0mGET /static/css/desktop.css [32m200 [0m6.336 ms - 675[0m
[0mGET /static/css/define.css [32m200 [0m6.738 ms - 1927[0m
[0mGET /static/js/index.js?21c9d308bf7a6eb98929 [32m200 [0m2.078 ms - 352102[0m
[0mGET /static/css/mobile.css [32m200 [0m0.685 ms - 705[0m
[0mGET /static/lib/bootstrap/dist/css/bootstrap.css.map [32m200 [0m1.308 ms - 430003[0m
[0mGET / [32m200 [0m1.111 ms - 9606[0m
[0mGET /static/css/define.css [32m200 [0m0.871 ms - 1927[0m
[0mGET /static/css/desktop.css [32m200 [0m0.994 ms - 675[0m
[0mGET /static/lib/bootstrap/dist/css/bootstrap.css [32m200 [0m1.649 ms - 173597[0m
[0mGET /static/js/index.js?21c9d308bf7a6eb98929 [32m200 [0m0.969 ms - 352102[0m
[0mGET /static/css/mobile.css [32m200 [0m0.524 ms - 705[0m
[0mGET /static/lib/bootstrap/dist/css/bootstrap.css.map [32m200 [0m0.483 ms - 430003[0m
[0mGET / [32m200 [0m1.862 ms - 9606[0m
[0mGET /static/js/index.js?8ec383bf696949abb72d [32m200 [0m0.868 ms - 2676[0m
[0mGET /static/css/desktop.css [32m200 [0m1.460 ms - 675[0m
[0mGET /static/css/define.css [32m200 [0m1.807 ms - 1927[0m
[0mGET /static/lib/bootstrap/dist/css/bootstrap.css [32m200 [0m2.283 ms - 173597[0m
[0mGET /static/css/mobile.css [32m200 [0m3.463 ms - 705[0m
[0mGET /static/lib/bootstrap/dist/css/bootstrap.css.map [32m200 [0m0.854 ms - 430003[0m
[0mGET / [32m200 [0m1.091 ms - 9606[0m
[0mGET /static/css/define.css [32m200 [0m0.848 ms - 1927[0m
[0mGET /static/css/desktop.css [32m200 [0m1.233 ms - 675[0m
[0mGET /static/js/index.js?8ec383bf696949abb72d [32m200 [0m1.265 ms - 2676[0m
[0mGET /static/lib/bootstrap/dist/css/bootstrap.css [32m200 [0m1.610 ms - 173597[0m
[0mGET /static/css/mobile.css [32m200 [0m0.545 ms - 705[0m
[0mGET /static/lib/bootstrap/dist/css/bootstrap.css.map [32m200 [0m0.623 ms - 430003[0m
[0mGET / [32m200 [0m11.429 ms - 9606[0m
[0mGET /static/js/index.js?dae78605e59bcaa5e138 [32m200 [0m0.886 ms - 2676[0m
[0mGET /static/css/define.css [32m200 [0m3.288 ms - 1927[0m
[0mGET /static/css/desktop.css [32m200 [0m3.330 ms - 675[0m
[0mGET /static/lib/bootstrap/dist/css/bootstrap.css [32m200 [0m3.956 ms - 173597[0m
[0mGET /static/css/mobile.css [32m200 [0m0.841 ms - 705[0m
[0mGET /static/lib/bootstrap/dist/css/bootstrap.css.map [32m200 [0m0.819 ms - 430003[0m
[0mGET / [32m200 [0m6.924 ms - 9606[0m
[0mGET /static/css/desktop.css [32m200 [0m1.903 ms - 675[0m
[0mGET /static/css/define.css [32m200 [0m2.749 ms - 1927[0m
[0mGET /static/lib/bootstrap/dist/css/bootstrap.css [32m200 [0m2.528 ms - 173597[0m
[0mGET /static/js/index.js?21edd5f2dd6a90b9838c [32m200 [0m1.439 ms - 351354[0m
[0mGET /static/css/mobile.css [32m200 [0m1.851 ms - 705[0m
[0mGET /static/lib/bootstrap/dist/css/bootstrap.css.map [32m200 [0m0.787 ms - 430003[0m
[0mGET / [32m200 [0m1.025 ms - 9606[0m
[0mGET /static/css/desktop.css [32m200 [0m1.100 ms - 675[0m
[0mGET /static/css/define.css [32m200 [0m1.540 ms - 1927[0m
[0mGET /static/js/index.js?12a5e333a1c37fb8f236 [32m200 [0m0.601 ms - 351375[0m
[0mGET /static/lib/bootstrap/dist/css/bootstrap.css [32m200 [0m2.078 ms - 173597[0m
[0mGET /static/css/mobile.css [32m200 [0m0.791 ms - 705[0m
[0mGET /static/lib/bootstrap/dist/css/bootstrap.css.map [32m200 [0m0.754 ms - 430003[0m
[0mGET / [32m200 [0m1.214 ms - 9606[0m
[0mGET /static/css/define.css [32m200 [0m3.534 ms - 1927[0m
[0mGET /static/css/desktop.css [32m200 [0m3.747 ms - 675[0m
[0mGET /static/lib/bootstrap/dist/css/bootstrap.css [32m200 [0m4.358 ms - 173597[0m
[0mGET /static/js/index.js?2cf7fc712f29c568d7d4 [32m200 [0m1.822 ms - 351520[0m
[0mGET /static/css/mobile.css [32m200 [0m1.476 ms - 705[0m
[0mGET /static/lib/bootstrap/dist/css/bootstrap.css.map [32m200 [0m0.776 ms - 430003[0m
[0mGET / [32m200 [0m7.824 ms - 9444[0m
[0mGET /static/css/desktop.css [32m200 [0m2.055 ms - 675[0m
[0mGET /static/css/define.css [32m200 [0m2.669 ms - 1927[0m
[0mGET /static/lib/bootstrap/dist/css/bootstrap.css [32m200 [0m3.380 ms - 173597[0m
[0mGET /static/js/index.js?a778ee4ae58cb958c60f [32m200 [0m1.807 ms - 351888[0m
[0mGET /static/css/mobile.css [32m200 [0m0.740 ms - 705[0m
[0mGET /static/lib/bootstrap/dist/css/bootstrap.css.map [32m200 [0m1.135 ms - 430003[0m
[0mGET / [32m200 [0m9.172 ms - 9451[0m
[0mGET /static/css/define.css [36m304 [0m0.830 ms - -[0m
[0mGET /static/css/desktop.css [36m304 [0m0.908 ms - -[0m
[0mGET /static/lib/bootstrap/dist/css/bootstrap.css [36m304 [0m1.565 ms - -[0m
[0mGET /static/js/index.js?e554acd0997cf12603ae [32m200 [0m2.590 ms - 351888[0m
[0mGET /static/css/mobile.css [36m304 [0m0.234 ms - -[0m
[0mGET / [32m200 [0m4.760 ms - 9451[0m
[0mGET /static/css/define.css [36m304 [0m0.421 ms - -[0m
[0mGET /static/css/desktop.css [36m304 [0m0.508 ms - -[0m
[0mGET /static/lib/bootstrap/dist/css/bootstrap.css [36m304 [0m224.767 ms - -[0m
[0mGET /static/css/mobile.css [36m304 [0m3.602 ms - -[0m
[0mGET /static/js/index.js?0e735c0a85c6483d48f8 [32m200 [0m227.352 ms - 351966[0m
[0mGET /static/lib/bootstrap/dist/css/bootstrap.css [36m304 [0m0.789 ms - -[0m
[0mGET /static/css/define.css [36m304 [0m0.981 ms - -[0m
[0mGET /static/css/desktop.css [36m304 [0m1.082 ms - -[0m
[0mGET /static/css/mobile.css [36m304 [0m1.121 ms - -[0m
[0mGET /static/lib/bootstrap/dist/css/bootstrap.css.map [32m200 [0m2.292 ms - 430003[0m
[0mGET / [32m200 [0m3.493 ms - 9451[0m
[0mGET /static/css/define.css [32m200 [0m1.604 ms - 1927[0m
[0mGET /static/css/desktop.css [32m200 [0m2.099 ms - 675[0m
[0mGET /static/lib/bootstrap/dist/css/bootstrap.css [32m200 [0m2.975 ms - 173597[0m
[0mGET /static/js/index.js?0e735c0a85c6483d48f8 [32m200 [0m2.430 ms - 351966[0m
[0mGET /static/css/mobile.css [32m200 [0m0.956 ms - 705[0m
[0mGET /static/lib/bootstrap/dist/css/bootstrap.css.map [32m200 [0m2.145 ms - 430003[0m
[0mGET / [32m200 [0m7.527 ms - 9451[0m
[0mGET /static/lib/bootstrap/dist/css/bootstrap.css [32m200 [0m0.598 ms - 173597[0m
[0mGET /static/css/define.css [32m200 [0m1.129 ms - 1927[0m
[0mGET /static/css/desktop.css [32m200 [0m1.095 ms - 675[0m
[0mGET /static/js/index.js?0e735c0a85c6483d48f8 [32m200 [0m1.046 ms - 351966[0m
[0mGET /static/css/mobile.css [32m200 [0m0.829 ms - 705[0m
[0mGET /static/lib/bootstrap/dist/css/bootstrap.css.map [32m200 [0m0.541 ms - 430003[0m
[0mGET / [32m200 [0m1.530 ms - 9452[0m
[0mGET /static/lib/bootstrap/dist/css/bootstrap.css [32m200 [0m1.693 ms - 173597[0m
[0mGET /static/css/define.css [32m200 [0m3.464 ms - 1927[0m
[0mGET /static/css/desktop.css [32m200 [0m3.675 ms - 675[0m
[0mGET /static/js/index.js?e115074bd8c1eb911cdd [32m200 [0m1.431 ms - 352199[0m
[0mGET /static/css/mobile.css [32m200 [0m0.853 ms - 705[0m
[0mGET /static/lib/bootstrap/dist/css/bootstrap.css.map [32m200 [0m0.904 ms - 430003[0m
[0mGET / [32m200 [0m6.727 ms - 9452[0m
[0mGET /static/css/define.css [32m200 [0m2.794 ms - 1927[0m
[0mGET /static/css/desktop.css [32m200 [0m2.926 ms - 675[0m
[0mGET /static/lib/bootstrap/dist/css/bootstrap.css [32m200 [0m4.109 ms - 173597[0m
[0mGET /static/js/index.js?e115074bd8c1eb911cdd [32m200 [0m2.763 ms - 352199[0m
[0mGET /static/css/mobile.css [32m200 [0m1.056 ms - 705[0m
[0mGET /static/lib/bootstrap/dist/css/bootstrap.css.map [32m200 [0m1.553 ms - 430003[0m
[0mGET / [32m200 [0m5.407 ms - 9452[0m
[0mGET /static/css/desktop.css [32m200 [0m0.952 ms - 675[0m
[0mGET /static/css/define.css [32m200 [0m1.508 ms - 1927[0m
[0mGET /static/lib/bootstrap/dist/css/bootstrap.css [32m200 [0m2.069 ms - 173597[0m
[0mGET /static/js/index.js?e115074bd8c1eb911cdd [32m200 [0m0.688 ms - 352199[0m
[0mGET /static/css/mobile.css [32m200 [0m1.099 ms - 705[0m
[0mGET /static/lib/bootstrap/dist/css/bootstrap.css.map [32m200 [0m0.888 ms - 430003[0m
[0mGET / [36m304 [0m3.430 ms - -[0m
[0mGET /static/css/define.css [36m304 [0m1.068 ms - -[0m
[0mGET /static/css/desktop.css [36m304 [0m1.139 ms - -[0m
[0mGET /static/js/index.js?e115074bd8c1eb911cdd [36m304 [0m1.049 ms - -[0m
[0mGET /static/lib/bootstrap/dist/css/bootstrap.css [36m304 [0m2.325 ms - -[0m
[0mGET /static/css/mobile.css [36m304 [0m0.305 ms - -[0m
[0mGET / [36m304 [0m7.066 ms - -[0m
[0mGET /static/css/define.css [36m304 [0m0.865 ms - -[0m
[0mGET /static/css/desktop.css [36m304 [0m0.902 ms - -[0m
[0mGET /static/js/index.js?e115074bd8c1eb911cdd [36m304 [0m0.802 ms - -[0m
[0mGET /static/lib/bootstrap/dist/css/bootstrap.css [36m304 [0m2.783 ms - -[0m
[0mGET /static/css/mobile.css [36m304 [0m0.282 ms - -[0m
[0mGET / [36m304 [0m0.908 ms - -[0m
[0mGET /static/css/define.css [36m304 [0m0.780 ms - -[0m
[0mGET /static/css/desktop.css [36m304 [0m0.770 ms - -[0m
[0mGET /static/js/index.js?e115074bd8c1eb911cdd [36m304 [0m0.766 ms - -[0m
[0mGET /static/css/mobile.css [36m304 [0m0.739 ms - -[0m
[0mGET /static/lib/bootstrap/dist/css/bootstrap.css [36m304 [0m11.011 ms - -[0m
[0mGET / [36m304 [0m3.669 ms - -[0m
[0mGET /static/lib/bootstrap/dist/css/bootstrap.css [36m304 [0m0.767 ms - -[0m
[0mGET /static/css/define.css [36m304 [0m1.093 ms - -[0m
[0mGET /static/css/desktop.css [36m304 [0m1.005 ms - -[0m
[0mGET /static/js/index.js?e115074bd8c1eb911cdd [36m304 [0m0.847 ms - -[0m
[0mGET /static/css/mobile.css [36m304 [0m2.495 ms - -[0m
[0mGET / [36m304 [0m9.814 ms - -[0m
[0mGET /static/css/define.css [36m304 [0m0.586 ms - -[0m
[0mGET /static/css/desktop.css [36m304 [0m0.607 ms - -[0m
[0mGET /static/js/index.js?e115074bd8c1eb911cdd [36m304 [0m0.610 ms - -[0m
[0mGET /static/lib/bootstrap/dist/css/bootstrap.css [36m304 [0m1.394 ms - -[0m
[0mGET /static/css/mobile.css [36m304 [0m0.284 ms - -[0m
[0mGET / [36m304 [0m7.064 ms - -[0m
[0mGET /static/css/define.css [36m304 [0m0.769 ms - -[0m
[0mGET /static/css/desktop.css [36m304 [0m0.740 ms - -[0m
[0mGET /static/js/index.js?e115074bd8c1eb911cdd [36m304 [0m1.489 ms - -[0m
[0mGET /static/lib/bootstrap/dist/css/bootstrap.css [36m304 [0m2.551 ms - -[0m
[0mGET /static/css/mobile.css [36m304 [0m0.303 ms - -[0m
[0mGET / [36m304 [0m0.648 ms - -[0m
[0mGET /static/lib/bootstrap/dist/css/bootstrap.css [36m304 [0m0.419 ms - -[0m
[0mGET /static/css/define.css [36m304 [0m1.244 ms - -[0m
[0mGET /static/css/desktop.css [36m304 [0m0.895 ms - -[0m
[0mGET /static/js/index.js?e115074bd8c1eb911cdd [36m304 [0m0.769 ms - -[0m
[0mGET /static/css/mobile.css [36m304 [0m0.265 ms - -[0m
[0mGET / [36m304 [0m0.624 ms - -[0m
[0mGET /static/css/define.css [36m304 [0m0.793 ms - -[0m
[0mGET /static/css/desktop.css [36m304 [0m0.783 ms - -[0m
[0mGET /static/js/index.js?e115074bd8c1eb911cdd [36m304 [0m0.759 ms - -[0m
[0mGET /static/lib/bootstrap/dist/css/bootstrap.css [36m304 [0m1.629 ms - -[0m
[0mGET /static/css/mobile.css [36m304 [0m0.942 ms - -[0m
[0mGET / [36m304 [0m0.875 ms - -[0m
[0mGET /static/css/define.css [36m304 [0m0.806 ms - -[0m
[0mGET /static/css/desktop.css [36m304 [0m0.820 ms - -[0m
[0mGET /static/js/index.js?e115074bd8c1eb911cdd [36m304 [0m0.742 ms - -[0m
[0mGET /static/lib/bootstrap/dist/css/bootstrap.css [36m304 [0m1.795 ms - -[0m
[0mGET /static/css/mobile.css [36m304 [0m0.282 ms - -[0m
[0mGET / [36m304 [0m0.621 ms - -[0m
[0mGET /static/css/define.css [36m304 [0m0.814 ms - -[0m
[0mGET /static/css/desktop.css [36m304 [0m0.813 ms - -[0m
[0mGET /static/js/index.js?e115074bd8c1eb911cdd [36m304 [0m0.762 ms - -[0m
[0mGET /static/lib/bootstrap/dist/css/bootstrap.css [36m304 [0m1.709 ms - -[0m
[0mGET /static/css/mobile.css [36m304 [0m0.316 ms - -[0m
[0mGET / [36m304 [0m6.669 ms - -[0m
[0mGET /static/css/define.css [36m304 [0m1.884 ms - -[0m
[0mGET /static/css/desktop.css [36m304 [0m2.617 ms - -[0m
[0mGET /static/js/index.js?e115074bd8c1eb911cdd [36m304 [0m1.642 ms - -[0m
[0mGET /static/lib/bootstrap/dist/css/bootstrap.css [36m304 [0m3.646 ms - -[0m
[0mGET /static/css/mobile.css [36m304 [0m0.297 ms - -[0m
[0mGET / [36m304 [0m0.625 ms - -[0m
[0mGET /static/css/define.css [36m304 [0m0.669 ms - -[0m
[0mGET /static/css/desktop.css [36m304 [0m0.702 ms - -[0m
[0mGET /static/js/index.js?e115074bd8c1eb911cdd [36m304 [0m0.712 ms - -[0m
[0mGET /static/lib/bootstrap/dist/css/bootstrap.css [36m304 [0m1.594 ms - -[0m
[0mGET /static/css/mobile.css [36m304 [0m0.269 ms - -[0m
[0mGET / [36m304 [0m0.692 ms - -[0m
[0mGET /static/lib/bootstrap/dist/css/bootstrap.css [36m304 [0m0.389 ms - -[0m
[0mGET /static/css/define.css [36m304 [0m0.899 ms - -[0m
[0mGET /static/css/desktop.css [36m304 [0m0.844 ms - -[0m
[0mGET /static/js/index.js?e115074bd8c1eb911cdd [36m304 [0m0.934 ms - -[0m
[0mGET /static/css/mobile.css [36m304 [0m0.906 ms - -[0m
[0mGET /static/css/define.css [36m304 [0m1.522 ms - -[0m
[0mGET /static/css/desktop.css [36m304 [0m1.017 ms - -[0m
[0mGET /static/lib/bootstrap/dist/css/bootstrap.css [36m304 [0m2.700 ms - -[0m
[0mGET /static/js/index.js?e115074bd8c1eb911cdd [36m304 [0m0.762 ms - -[0m
[0mGET /static/css/mobile.css [36m304 [0m0.280 ms - -[0m
[0mGET /favicon.ico [33m404 [0m17.466 ms - 3296[0m
[0mGET / [36m304 [0m26.207 ms - -[0m
[0mGET /static/css/define.css [36m304 [0m1.717 ms - -[0m
[0mGET /static/css/desktop.css [36m304 [0m2.216 ms - -[0m
[0mGET /static/js/index.js?e115074bd8c1eb911cdd [36m304 [0m2.021 ms - -[0m
[0mGET /static/lib/bootstrap/dist/css/bootstrap.css [36m304 [0m13.892 ms - -[0m
[0mGET /static/css/mobile.css [36m304 [0m0.392 ms - -[0m
[0mGET / [36m304 [0m0.701 ms - -[0m
[0mGET /static/css/define.css [36m304 [0m0.632 ms - -[0m
[0mGET /static/css/desktop.css [36m304 [0m0.631 ms - -[0m
[0mGET /static/js/index.js?e115074bd8c1eb911cdd [36m304 [0m0.703 ms - -[0m
[0mGET /static/lib/bootstrap/dist/css/bootstrap.css [36m304 [0m18.569 ms - -[0m
[0mGET /static/css/mobile.css [36m304 [0m0.348 ms - -[0m
[0mGET /tech [32m200 [0m11.215 ms - 11252[0m
[0mGET /static/css/define.css [36m304 [0m0.861 ms - -[0m
[0mGET /static/css/desktop.css [36m304 [0m0.948 ms - -[0m
[0mGET /static/lib/bootstrap/dist/css/bootstrap.css [36m304 [0m1.854 ms - -[0m
[0mGET /static/css/tech.css [32m200 [0m8.114 ms - 428[0m
[0mGET /static/js/tech.js?e115074bd8c1eb911cdd [32m200 [0m8.113 ms - 2646[0m
[0mGET /static/css/mobile.css [36m304 [0m0.268 ms - -[0m
[0mGET /static/css/define.css [36m304 [0m0.766 ms - -[0m
[0mGET /static/css/desktop.css [36m304 [0m0.803 ms - -[0m
[0mGET /static/css/mobile.css [36m304 [0m3.853 ms - -[0m
[0mGET /static/css/tech.css [36m304 [0m3.890 ms - -[0m
[0mGET /static/lib/bootstrap/dist/css/bootstrap.css [36m304 [0m5.100 ms - -[0m
[0mGET /static/lib/bootstrap/dist/css/bootstrap.css.map [32m200 [0m0.976 ms - 430003[0m
[0mGET /tech [32m200 [0m21.063 ms - 11252[0m
[0mGET /static/css/define.css [32m200 [0m5.156 ms - 1927[0m
[0mGET /static/css/desktop.css [32m200 [0m5.765 ms - 675[0m
[0mGET /static/css/tech.css [32m200 [0m6.745 ms - 428[0m
[0mGET /static/js/tech.js?e115074bd8c1eb911cdd [32m200 [0m6.458 ms - 2646[0m
[0mGET /static/lib/bootstrap/dist/css/bootstrap.css [32m200 [0m8.475 ms - 173597[0m
[0mGET /static/css/mobile.css [32m200 [0m0.561 ms - 705[0m
[0mGET /static/lib/bootstrap/dist/css/bootstrap.css.map [32m200 [0m0.832 ms - 430003[0m
[0mGET / [36m304 [0m1.604 ms - -[0m
[0mGET /static/css/define.css [36m304 [0m2.098 ms - -[0m
[0mGET /static/css/desktop.css [36m304 [0m2.085 ms - -[0m
[0mGET /static/js/index.js?e115074bd8c1eb911cdd [36m304 [0m0.933 ms - -[0m
[0mGET /static/lib/bootstrap/dist/css/bootstrap.css [36m304 [0m3.042 ms - -[0m
[0mGET /static/css/mobile.css [36m304 [0m0.288 ms - -[0m
