[0mGET / [32m200 [0m12.002 ms - 34718[0m
[0mGET /test/css/local.css [33m404 [0m3.340 ms - 1238[0m
[0mGET /test/js/local.js [33m404 [0m3.247 ms - 1238[0m
[0mGET /test/js/local.js [33m404 [0m0.479 ms - 1238[0m
[0mGET /test/css/local.css [33m404 [0m0.541 ms - 1238[0m
[0mGET / [32m200 [0m4.787 ms - 34690[0m
[0mGET /css/local.css [32m200 [0m1.319 ms - 431[0m
[0mGET /js/local.js [32m200 [0m0.838 ms - 38766[0m
[0mGET / [36m304 [0m1.854 ms - -[0m
[0mGET /css/local.css [36m304 [0m0.866 ms - -[0m
[0mGET /js/local.js [36m304 [0m0.885 ms - -[0m
[0mGET /edqrads [33m404 [0m1.022 ms - 1238[0m
[0mGET /edqrads [33m404 [0m10.520 ms - 1238[0m
[0mGET /edqrads [33m404 [0m0.947 ms - 1238[0m
[0mGET / [33m404 [0m0.736 ms - 1238[0m
[0mGET / [33m404 [0m0.460 ms - 1238[0m
[0mGET / [32m200 [0m7.617 ms - 34690[0m
[0mGET /css/local.css [36m304 [0m1.176 ms - -[0m
[0mGET /js/local.js [36m304 [0m0.487 ms - -[0m
[0mGET /dfad [32m200 [0m1.173 ms - 34690[0m
[0mGET /css/local.css [36m304 [0m0.620 ms - -[0m
[0mGET /js/local.js [36m304 [0m0.644 ms - -[0m
[0mGET /dfad [36m304 [0m0.401 ms - -[0m
[0mGET /css/local.css [36m304 [0m0.669 ms - -[0m
[0mGET /js/local.js [36m304 [0m0.455 ms - -[0m
[0mGET /dfad [36m304 [0m2.073 ms - -[0m
[0mGET /css/local.css [36m304 [0m0.652 ms - -[0m
[0mGET /js/local.js [36m304 [0m0.616 ms - -[0m
[0mGET /dfad [36m304 [0m0.332 ms - -[0m
[0mGET /css/local.css [36m304 [0m0.389 ms - -[0m
[0mGET /js/local.js [36m304 [0m0.314 ms - -[0m
[0mGET / [36m304 [0m0.415 ms - -[0m
[0mGET /css/local.css [36m304 [0m1.413 ms - -[0m
[0mGET /js/local.js [36m304 [0m1.455 ms - -[0m
[0mGET / [36m304 [0m0.356 ms - -[0m
[0mGET /css/local.css [36m304 [0m0.633 ms - -[0m
[0mGET /js/local.js [36m304 [0m0.612 ms - -[0m
[0mGET / [36m304 [0m0.359 ms - -[0m
[0mGET /css/local.css [36m304 [0m0.883 ms - -[0m
[0mGET /js/local.js [36m304 [0m1.031 ms - -[0m
[0mGET /text/api.txt [32m200 [0m6.914 ms - 4450[0m
